<?xml version="1.0" encoding="UTF-8"?>
<coverage generated="1550773507511" clover="3.2.0">
  <project timestamp="1550773507512" name="All files">
    <metrics statements="156" coveredstatements="104" conditionals="39" coveredconditionals="30" methods="36" coveredmethods="24" elements="231" coveredelements="158" complexity="0" loc="156" ncloc="156" packages="1" files="3" classes="3"/>
    <file name="PriorityQueue.ts" path="C:\Users\nakuo\Documents\GIT\battlecode-group1\src\PriorityQueue.ts">
      <metrics statements="35" coveredstatements="29" conditionals="11" coveredconditionals="10" methods="17" coveredmethods="14"/>
      <line num="6" count="2" type="stmt"/>
      <line num="10" count="2" type="stmt"/>
      <line num="12" count="35" type="cond" truecount="1" falsecount="0"/>
      <line num="13" count="2" type="stmt"/>
      <line num="15" count="2" type="stmt"/>
      <line num="19" count="43" type="stmt"/>
      <line num="23" count="18" type="stmt"/>
      <line num="24" count="18" type="stmt"/>
      <line num="25" count="18" type="stmt"/>
      <line num="30" count="0" type="stmt"/>
      <line num="34" count="4" type="stmt"/>
      <line num="38" count="4" type="stmt"/>
      <line num="39" count="4" type="stmt"/>
      <line num="41" count="3" type="stmt"/>
      <line num="43" count="4" type="stmt"/>
      <line num="44" count="4" type="stmt"/>
      <line num="45" count="4" type="stmt"/>
      <line num="49" count="0" type="stmt"/>
      <line num="50" count="0" type="stmt"/>
      <line num="51" count="0" type="stmt"/>
      <line num="52" count="0" type="stmt"/>
      <line num="56" count="0" type="stmt"/>
      <line num="60" count="35" type="stmt"/>
      <line num="64" count="18" type="stmt"/>
      <line num="66" count="21" type="stmt"/>
      <line num="67" count="21" type="stmt"/>
      <line num="68" count="21" type="stmt"/>
      <line num="73" count="4" type="stmt"/>
      <line num="78" count="5" type="cond" truecount="4" falsecount="0"/>
      <line num="79" count="5" type="stmt"/>
      <line num="80" count="5" type="stmt"/>
      <line num="85" count="29" type="stmt"/>
      <line num="88" count="47" type="stmt"/>
      <line num="89" count="20" type="stmt"/>
      <line num="90" count="16" type="stmt"/>
    </file>
    <file name="battlecode.d.ts" path="C:\Users\nakuo\Documents\GIT\battlecode-group1\src\battlecode.d.ts">
      <metrics statements="0" coveredstatements="0" conditionals="0" coveredconditionals="0" methods="0" coveredmethods="0"/>
    </file>
    <file name="utils.ts" path="C:\Users\nakuo\Documents\GIT\battlecode-group1\src\utils.ts">
      <metrics statements="121" coveredstatements="75" conditionals="28" coveredconditionals="20" methods="19" coveredmethods="10"/>
      <line num="1" count="2" type="stmt"/>
      <line num="2" count="2" type="stmt"/>
      <line num="20" count="2" type="stmt"/>
      <line num="21" count="0" type="stmt"/>
      <line num="22" count="0" type="stmt"/>
      <line num="25" count="0" type="stmt"/>
      <line num="26" count="0" type="stmt"/>
      <line num="29" count="0" type="stmt"/>
      <line num="32" count="0" type="stmt"/>
      <line num="40" count="2" type="stmt"/>
      <line num="43" count="0" type="stmt"/>
      <line num="44" count="0" type="stmt"/>
      <line num="45" count="0" type="stmt"/>
      <line num="46" count="0" type="stmt"/>
      <line num="49" count="0" type="stmt"/>
      <line num="51" count="0" type="stmt"/>
      <line num="54" count="0" type="stmt"/>
      <line num="57" count="0" type="stmt"/>
      <line num="60" count="0" type="stmt"/>
      <line num="62" count="0" type="stmt"/>
      <line num="63" count="0" type="stmt"/>
      <line num="66" count="0" type="stmt"/>
      <line num="68" count="0" type="stmt"/>
      <line num="76" count="2" type="stmt"/>
      <line num="80" count="37" type="stmt"/>
      <line num="81" count="37" type="stmt"/>
      <line num="82" count="37" type="stmt"/>
      <line num="85" count="37" type="stmt"/>
      <line num="88" count="4" type="stmt"/>
      <line num="93" count="2" type="stmt"/>
      <line num="101" count="2" type="stmt"/>
      <line num="102" count="1" type="stmt"/>
      <line num="104" count="1" type="stmt"/>
      <line num="105" count="50" type="stmt"/>
      <line num="108" count="1" type="stmt"/>
      <line num="109" count="1" type="stmt"/>
      <line num="114" count="1" type="stmt"/>
      <line num="118" count="2" type="stmt"/>
      <line num="119" count="0" type="stmt"/>
      <line num="120" count="0" type="stmt"/>
      <line num="121" count="0" type="stmt"/>
      <line num="123" count="0" type="stmt"/>
      <line num="128" count="0" type="stmt"/>
      <line num="129" count="0" type="stmt"/>
      <line num="131" count="0" type="stmt"/>
      <line num="136" count="0" type="stmt"/>
      <line num="144" count="2" type="stmt"/>
      <line num="146" count="17" type="stmt"/>
      <line num="154" count="2" type="stmt"/>
      <line num="155" count="1" type="stmt"/>
      <line num="157" count="3" type="stmt"/>
      <line num="162" count="1" type="stmt"/>
      <line num="165" count="2" type="stmt"/>
      <line num="168" count="1" type="stmt"/>
      <line num="176" count="2" type="stmt"/>
      <line num="177" count="7" type="stmt"/>
      <line num="178" count="7" type="stmt"/>
      <line num="181" count="2" type="stmt"/>
      <line num="182" count="7" type="stmt"/>
      <line num="183" count="7" type="stmt"/>
      <line num="185" count="7" type="stmt"/>
      <line num="186" count="304" type="stmt"/>
      <line num="189" count="7" type="stmt"/>
      <line num="190" count="304" type="stmt"/>
      <line num="193" count="7" type="stmt"/>
      <line num="201" count="2" type="stmt"/>
      <line num="202" count="37" type="stmt"/>
      <line num="203" count="37" type="stmt"/>
      <line num="207" count="0" type="stmt"/>
      <line num="212" count="0" type="stmt"/>
      <line num="215" count="37" type="stmt"/>
      <line num="218" count="2" type="stmt"/>
      <line num="221" count="1" type="stmt"/>
      <line num="225" count="1" type="stmt"/>
      <line num="226" count="1" type="stmt"/>
      <line num="227" count="1" type="stmt"/>
      <line num="228" count="1" type="stmt"/>
      <line num="231" count="1" type="stmt"/>
      <line num="237" count="1" type="stmt"/>
      <line num="240" count="3" type="stmt"/>
      <line num="241" count="3" type="stmt"/>
      <line num="242" count="3" type="stmt"/>
      <line num="245" count="1" type="stmt"/>
      <line num="246" count="1" type="stmt"/>
      <line num="249" count="2" type="stmt"/>
      <line num="250" count="16" type="stmt"/>
      <line num="260" count="10" type="stmt"/>
      <line num="263" count="10" type="stmt"/>
      <line num="274" count="2" type="stmt"/>
      <line num="275" count="2" type="stmt"/>
      <line num="278" count="1" type="stmt"/>
      <line num="279" count="1" type="stmt"/>
      <line num="283" count="1" type="stmt"/>
      <line num="291" count="2" type="stmt"/>
      <line num="292" count="0" type="stmt"/>
      <line num="293" count="0" type="stmt"/>
      <line num="294" count="0" type="stmt"/>
      <line num="296" count="0" type="stmt"/>
      <line num="301" count="0" type="stmt"/>
      <line num="303" count="0" type="stmt"/>
      <line num="311" count="2" type="stmt"/>
      <line num="312" count="0" type="stmt"/>
      <line num="315" count="0" type="cond" truecount="0" falsecount="2"/>
      <line num="317" count="0" type="stmt"/>
      <line num="322" count="2" type="stmt"/>
      <line num="325" count="1" type="stmt"/>
      <line num="326" count="1" type="stmt"/>
      <line num="327" count="1" type="stmt"/>
      <line num="335" count="1" type="stmt"/>
      <line num="336" count="1" type="stmt"/>
      <line num="338" count="0" type="stmt"/>
      <line num="339" count="1" type="stmt"/>
      <line num="343" count="2" type="stmt"/>
      <line num="344" count="0" type="stmt"/>
      <line num="345" count="0" type="stmt"/>
      <line num="346" count="0" type="stmt"/>
      <line num="348" count="0" type="stmt"/>
      <line num="352" count="0" type="stmt"/>
      <line num="360" count="2" type="stmt"/>
      <line num="363" count="0" type="stmt"/>
      <line num="366" count="0" type="stmt"/>
    </file>
  </project>
</coverage>
