{
  "C:\\Users\\caamnaka\\Documents\\GIT\\battlecode-group1\\src\\Communication.ts": {
    "path": "C:\\Users\\caamnaka\\Documents\\GIT\\battlecode-group1\\src\\Communication.ts",
    "statementMap": {
      "0": {
        "start": { "line": 13, "column": 3 },
        "end": { "line": 13, "column": 29 }
      },
      "1": {
        "start": { "line": 3, "column": 0 },
        "end": { "line": 3, "column": 16 }
      },
      "2": {
        "start": { "line": 19, "column": 8 },
        "end": { "line": 19, "column": 24 }
      },
      "3": {
        "start": { "line": 45, "column": 3 },
        "end": { "line": 45, "column": 56 }
      },
      "4": {
        "start": { "line": 16, "column": 0 },
        "end": { "line": 16, "column": 16 }
      },
      "5": {
        "start": { "line": 50, "column": 19 },
        "end": { "line": 50, "column": 20 }
      },
      "6": {
        "start": { "line": 51, "column": 4 },
        "end": { "line": 51, "column": 96 }
      },
      "7": {
        "start": { "line": 48, "column": 0 },
        "end": { "line": 48, "column": 16 }
      },
      "8": {
        "start": { "line": 55, "column": 19 },
        "end": { "line": 55, "column": 20 }
      },
      "9": {
        "start": { "line": 58, "column": 14 },
        "end": { "line": 58, "column": 87 }
      },
      "10": {
        "start": { "line": 59, "column": 14 },
        "end": { "line": 59, "column": 77 }
      },
      "11": {
        "start": { "line": 60, "column": 4 },
        "end": { "line": 60, "column": 18 }
      },
      "12": {
        "start": { "line": 54, "column": 0 },
        "end": { "line": 54, "column": 16 }
      }
    },
    "fnMap": {
      "0": {
        "name": "constructCoordMessage",
        "decl": {
          "start": { "line": 3, "column": 16 },
          "end": { "line": 3, "column": 37 }
        },
        "loc": {
          "start": { "line": 3, "column": 50 },
          "end": { "line": 14, "column": 1 }
        }
      },
      "1": {
        "name": "parseMessage",
        "decl": {
          "start": { "line": 16, "column": 16 },
          "end": { "line": 16, "column": 28 }
        },
        "loc": {
          "start": { "line": 16, "column": 44 },
          "end": { "line": 46, "column": 1 }
        }
      },
      "2": {
        "name": "constructCastleTalkMessage",
        "decl": {
          "start": { "line": 48, "column": 16 },
          "end": { "line": 48, "column": 42 }
        },
        "loc": {
          "start": { "line": 48, "column": 72 },
          "end": { "line": 52, "column": 1 }
        }
      },
      "3": {
        "name": "parseCastleTalk",
        "decl": {
          "start": { "line": 54, "column": 16 },
          "end": { "line": 54, "column": 31 }
        },
        "loc": {
          "start": { "line": 54, "column": 64 },
          "end": { "line": 61, "column": 1 }
        }
      }
    },
    "branchMap": {},
    "s": {
      "0": 2,
      "1": 1,
      "2": 1,
      "3": 1,
      "4": 1,
      "5": 2,
      "6": 2,
      "7": 1,
      "8": 1,
      "9": 1,
      "10": 1,
      "11": 1,
      "12": 1
    },
    "f": { "0": 2, "1": 2, "2": 2, "3": 1 },
    "b": {}
  },
  "C:\\Users\\caamnaka\\Documents\\GIT\\battlecode-group1\\src\\PriorityQueue.ts": {
    "path": "C:\\Users\\caamnaka\\Documents\\GIT\\battlecode-group1\\src\\PriorityQueue.ts",
    "statementMap": {
      "0": {
        "start": { "line": 12, "column": 57 },
        "end": { "line": 12, "column": 80 }
      },
      "1": {
        "start": { "line": 10, "column": 19 },
        "end": { "line": 10, "column": 35 }
      },
      "2": {
        "start": { "line": 88, "column": 10 },
        "end": { "line": 88, "column": 77 }
      },
      "3": {
        "start": { "line": 88, "column": 57 },
        "end": { "line": 88, "column": 76 }
      },
      "4": {
        "start": { "line": 89, "column": 10 },
        "end": { "line": 89, "column": 68 }
      },
      "5": {
        "start": { "line": 89, "column": 55 },
        "end": { "line": 89, "column": 67 }
      },
      "6": {
        "start": { "line": 90, "column": 10 },
        "end": { "line": 90, "column": 69 }
      },
      "7": {
        "start": { "line": 90, "column": 56 },
        "end": { "line": 90, "column": 68 }
      },
      "8": {
        "start": { "line": 13, "column": 4 },
        "end": { "line": 13, "column": 19 }
      },
      "9": {
        "start": { "line": 15, "column": 4 },
        "end": { "line": 15, "column": 33 }
      },
      "10": {
        "start": { "line": 19, "column": 4 },
        "end": { "line": 19, "column": 28 }
      },
      "11": {
        "start": { "line": 23, "column": 4 },
        "end": { "line": 26, "column": 7 }
      },
      "12": {
        "start": { "line": 24, "column": 6 },
        "end": { "line": 24, "column": 28 }
      },
      "13": {
        "start": { "line": 25, "column": 6 },
        "end": { "line": 25, "column": 20 }
      },
      "14": {
        "start": { "line": 30, "column": 4 },
        "end": { "line": 30, "column": 19 }
      },
      "15": {
        "start": { "line": 34, "column": 4 },
        "end": { "line": 34, "column": 31 }
      },
      "16": {
        "start": { "line": 38, "column": 24 },
        "end": { "line": 38, "column": 35 }
      },
      "17": {
        "start": { "line": 39, "column": 19 },
        "end": { "line": 39, "column": 34 }
      },
      "18": {
        "start": { "line": 41, "column": 6 },
        "end": { "line": 41, "column": 34 }
      },
      "19": {
        "start": { "line": 43, "column": 4 },
        "end": { "line": 43, "column": 20 }
      },
      "20": {
        "start": { "line": 44, "column": 4 },
        "end": { "line": 44, "column": 20 }
      },
      "21": {
        "start": { "line": 45, "column": 4 },
        "end": { "line": 45, "column": 23 }
      },
      "22": {
        "start": { "line": 49, "column": 28 },
        "end": { "line": 49, "column": 39 }
      },
      "23": {
        "start": { "line": 50, "column": 6 },
        "end": { "line": 50, "column": 32 }
      },
      "24": {
        "start": { "line": 51, "column": 6 },
        "end": { "line": 51, "column": 22 }
      },
      "25": {
        "start": { "line": 52, "column": 6 },
        "end": { "line": 52, "column": 27 }
      },
      "26": {
        "start": { "line": 56, "column": 4 },
        "end": { "line": 56, "column": 55 }
      },
      "27": {
        "start": { "line": 60, "column": 4 },
        "end": { "line": 60, "column": 56 }
      },
      "28": {
        "start": { "line": 64, "column": 15 },
        "end": { "line": 64, "column": 30 }
      },
      "29": {
        "start": { "line": 66, "column": 21 },
        "end": { "line": 66, "column": 38 }
      },
      "30": {
        "start": { "line": 67, "column": 6 },
        "end": { "line": 67, "column": 30 }
      },
      "31": {
        "start": { "line": 68, "column": 6 },
        "end": { "line": 68, "column": 20 }
      },
      "32": {
        "start": { "line": 73, "column": 15 },
        "end": { "line": 73, "column": 23 }
      },
      "33": {
        "start": { "line": 78, "column": 23 },
        "end": { "line": 78, "column": 142 }
      },
      "34": {
        "start": { "line": 79, "column": 6 },
        "end": { "line": 79, "column": 32 }
      },
      "35": {
        "start": { "line": 80, "column": 6 },
        "end": { "line": 80, "column": 22 }
      },
      "36": {
        "start": { "line": 85, "column": 4 },
        "end": { "line": 85, "column": 64 }
      },
      "37": {
        "start": { "line": 6, "column": 0 },
        "end": { "line": 6, "column": 13 }
      }
    },
    "fnMap": {
      "0": {
        "name": "(anonymous_0)",
        "decl": {
          "start": { "line": 12, "column": 2 },
          "end": { "line": 12, "column": 14 }
        },
        "loc": {
          "start": { "line": 12, "column": 80 },
          "end": { "line": 16, "column": 3 }
        }
      },
      "1": {
        "name": "(anonymous_1)",
        "decl": {
          "start": { "line": 12, "column": 27 },
          "end": { "line": 12, "column": 28 }
        },
        "loc": {
          "start": { "line": 12, "column": 57 },
          "end": { "line": 12, "column": 80 }
        }
      },
      "2": {
        "name": "(anonymous_2)",
        "decl": {
          "start": { "line": 88, "column": 42 },
          "end": { "line": 88, "column": 43 }
        },
        "loc": {
          "start": { "line": 88, "column": 57 },
          "end": { "line": 88, "column": 76 }
        }
      },
      "3": {
        "name": "(anonymous_3)",
        "decl": {
          "start": { "line": 89, "column": 40 },
          "end": { "line": 89, "column": 41 }
        },
        "loc": {
          "start": { "line": 89, "column": 55 },
          "end": { "line": 89, "column": 67 }
        }
      },
      "4": {
        "name": "(anonymous_4)",
        "decl": {
          "start": { "line": 90, "column": 41 },
          "end": { "line": 90, "column": 42 }
        },
        "loc": {
          "start": { "line": 90, "column": 56 },
          "end": { "line": 90, "column": 68 }
        }
      },
      "5": {
        "name": "(anonymous_5)",
        "decl": {
          "start": { "line": 18, "column": 9 },
          "end": { "line": 18, "column": 13 }
        },
        "loc": {
          "start": { "line": 18, "column": 13 },
          "end": { "line": 20, "column": 3 }
        }
      },
      "6": {
        "name": "(anonymous_6)",
        "decl": {
          "start": { "line": 22, "column": 9 },
          "end": { "line": 22, "column": 15 }
        },
        "loc": {
          "start": { "line": 22, "column": 37 },
          "end": { "line": 27, "column": 3 }
        }
      },
      "7": {
        "name": "(anonymous_7)",
        "decl": {
          "start": { "line": 23, "column": 19 },
          "end": { "line": 23, "column": 20 }
        },
        "loc": {
          "start": { "line": 23, "column": 29 },
          "end": { "line": 26, "column": 5 }
        }
      },
      "8": {
        "name": "(anonymous_8)",
        "decl": {
          "start": { "line": 29, "column": 9 },
          "end": { "line": 29, "column": 14 }
        },
        "loc": {
          "start": { "line": 29, "column": 14 },
          "end": { "line": 31, "column": 3 }
        }
      },
      "9": {
        "name": "(anonymous_9)",
        "decl": {
          "start": { "line": 33, "column": 9 },
          "end": { "line": 33, "column": 13 }
        },
        "loc": {
          "start": { "line": 33, "column": 13 },
          "end": { "line": 35, "column": 3 }
        }
      },
      "10": {
        "name": "(anonymous_10)",
        "decl": {
          "start": { "line": 37, "column": 9 },
          "end": { "line": 37, "column": 12 }
        },
        "loc": {
          "start": { "line": 37, "column": 12 },
          "end": { "line": 46, "column": 3 }
        }
      },
      "11": {
        "name": "(anonymous_11)",
        "decl": {
          "start": { "line": 48, "column": 9 },
          "end": { "line": 48, "column": 16 }
        },
        "loc": {
          "start": { "line": 48, "column": 30 },
          "end": { "line": 53, "column": 3 }
        }
      },
      "12": {
        "name": "(anonymous_12)",
        "decl": {
          "start": { "line": 55, "column": 10 },
          "end": { "line": 55, "column": 17 }
        },
        "loc": {
          "start": { "line": 55, "column": 38 },
          "end": { "line": 57, "column": 3 }
        }
      },
      "13": {
        "name": "(anonymous_13)",
        "decl": {
          "start": { "line": 59, "column": 10 },
          "end": { "line": 59, "column": 16 }
        },
        "loc": {
          "start": { "line": 59, "column": 36 },
          "end": { "line": 61, "column": 3 }
        }
      },
      "14": {
        "name": "(anonymous_14)",
        "decl": {
          "start": { "line": 63, "column": 10 },
          "end": { "line": 63, "column": 16 }
        },
        "loc": {
          "start": { "line": 63, "column": 16 },
          "end": { "line": 70, "column": 3 }
        }
      },
      "15": {
        "name": "(anonymous_15)",
        "decl": {
          "start": { "line": 72, "column": 10 },
          "end": { "line": 72, "column": 18 }
        },
        "loc": {
          "start": { "line": 72, "column": 18 },
          "end": { "line": 82, "column": 3 }
        }
      },
      "16": {
        "name": "(anonymous_16)",
        "decl": {
          "start": { "line": 84, "column": 10 },
          "end": { "line": 84, "column": 14 }
        },
        "loc": {
          "start": { "line": 84, "column": 35 },
          "end": { "line": 86, "column": 3 }
        }
      }
    },
    "branchMap": {
      "0": {
        "loc": {
          "start": { "line": 12, "column": 27 },
          "end": { "line": 12, "column": 80 }
        },
        "type": "default-arg",
        "locations": [
          {
            "start": { "line": 12, "column": 27 },
            "end": { "line": 12, "column": 80 }
          }
        ]
      },
      "1": {
        "loc": {
          "start": { "line": 65, "column": 10 },
          "end": { "line": 65, "column": 25 }
        },
        "type": "binary-expr",
        "locations": [
          {
            "start": { "line": 65, "column": 10 },
            "end": { "line": 65, "column": 25 }
          },
          {
            "start": { "line": 65, "column": 29 },
            "end": { "line": 65, "column": 65 }
          }
        ]
      },
      "2": {
        "loc": {
          "start": { "line": 75, "column": 7 },
          "end": { "line": 75, "column": 36 }
        },
        "type": "binary-expr",
        "locations": [
          {
            "start": { "line": 75, "column": 7 },
            "end": { "line": 75, "column": 36 }
          },
          {
            "start": { "line": 75, "column": 40 },
            "end": { "line": 75, "column": 74 }
          },
          {
            "start": { "line": 76, "column": 7 },
            "end": { "line": 76, "column": 37 }
          },
          {
            "start": { "line": 76, "column": 41 },
            "end": { "line": 76, "column": 76 }
          }
        ]
      },
      "3": {
        "loc": {
          "start": { "line": 78, "column": 108 },
          "end": { "line": 78, "column": 124 }
        },
        "type": "cond-expr",
        "locations": [
          {
            "start": { "line": 78, "column": 108 },
            "end": { "line": 78, "column": 124 }
          },
          {
            "start": { "line": 78, "column": 127 },
            "end": { "line": 78, "column": 142 }
          }
        ]
      },
      "4": {
        "loc": {
          "start": { "line": 78, "column": 24 },
          "end": { "line": 78, "column": 54 }
        },
        "type": "binary-expr",
        "locations": [
          {
            "start": { "line": 78, "column": 24 },
            "end": { "line": 78, "column": 54 }
          },
          {
            "start": { "line": 78, "column": 58 },
            "end": { "line": 78, "column": 104 }
          }
        ]
      }
    },
    "s": {
      "0": 29,
      "1": 2,
      "2": 2,
      "3": 38,
      "4": 2,
      "5": 16,
      "6": 2,
      "7": 15,
      "8": 2,
      "9": 2,
      "10": 43,
      "11": 17,
      "12": 17,
      "13": 17,
      "14": 0,
      "15": 5,
      "16": 5,
      "17": 5,
      "18": 3,
      "19": 5,
      "20": 5,
      "21": 5,
      "22": 0,
      "23": 0,
      "24": 0,
      "25": 0,
      "26": 0,
      "27": 29,
      "28": 17,
      "29": 17,
      "30": 17,
      "31": 17,
      "32": 5,
      "33": 3,
      "34": 3,
      "35": 3,
      "36": 23,
      "37": 2
    },
    "f": {
      "0": 2,
      "1": 29,
      "2": 38,
      "3": 16,
      "4": 15,
      "5": 43,
      "6": 17,
      "7": 17,
      "8": 0,
      "9": 5,
      "10": 5,
      "11": 0,
      "12": 0,
      "13": 29,
      "14": 17,
      "15": 5,
      "16": 23
    },
    "b": {
      "0": [2],
      "1": [34, 21],
      "2": [8, 4, 6, 1],
      "3": [2, 1],
      "4": [3, 3]
    }
  },
  "C:\\Users\\caamnaka\\Documents\\GIT\\battlecode-group1\\src\\battlecode.d.ts": {
    "path": "C:\\Users\\caamnaka\\Documents\\GIT\\battlecode-group1\\src\\battlecode.d.ts",
    "statementMap": {},
    "fnMap": {},
    "branchMap": {},
    "s": {},
    "f": {},
    "b": {},
    "_coverageSchema": "43e27e138ebf9cfc5966b082cf9a028302ed4184",
    "hash": "cd68f8ef883d3ae0bcc1c0e8d2902ee862f990e7"
  },
  "C:\\Users\\caamnaka\\Documents\\GIT\\battlecode-group1\\src\\utils.ts": {
    "path": "C:\\Users\\caamnaka\\Documents\\GIT\\battlecode-group1\\src\\utils.ts",
    "statementMap": {
      "0": {
        "start": { "line": 1, "column": 0 },
        "end": { "line": 1, "column": 52 }
      },
      "1": {
        "start": { "line": 2, "column": 0 },
        "end": { "line": 2, "column": 48 }
      },
      "2": {
        "start": { "line": 21, "column": 10 },
        "end": { "line": 21, "column": 11 }
      },
      "3": {
        "start": { "line": 22, "column": 15 },
        "end": { "line": 22, "column": 85 }
      },
      "4": {
        "start": { "line": 25, "column": 4 },
        "end": { "line": 25, "column": 11 }
      },
      "5": {
        "start": { "line": 26, "column": 4 },
        "end": { "line": 26, "column": 84 }
      },
      "6": {
        "start": { "line": 29, "column": 4 },
        "end": { "line": 29, "column": 18 }
      },
      "7": {
        "start": { "line": 32, "column": 2 },
        "end": { "line": 32, "column": 23 }
      },
      "8": {
        "start": { "line": 20, "column": 0 },
        "end": { "line": 20, "column": 16 }
      },
      "9": {
        "start": { "line": 43, "column": 17 },
        "end": { "line": 43, "column": 35 }
      },
      "10": {
        "start": { "line": 44, "column": 13 },
        "end": { "line": 44, "column": 58 }
      },
      "11": {
        "start": { "line": 45, "column": 12 },
        "end": { "line": 45, "column": 28 }
      },
      "12": {
        "start": { "line": 46, "column": 16 },
        "end": { "line": 46, "column": 17 }
      },
      "13": {
        "start": { "line": 49, "column": 2 },
        "end": { "line": 64, "column": 93 }
      },
      "14": {
        "start": { "line": 51, "column": 6 },
        "end": { "line": 51, "column": 18 }
      },
      "15": {
        "start": { "line": 54, "column": 6 },
        "end": { "line": 54, "column": 17 }
      },
      "16": {
        "start": { "line": 57, "column": 6 },
        "end": { "line": 57, "column": 18 }
      },
      "17": {
        "start": { "line": 60, "column": 6 },
        "end": { "line": 60, "column": 17 }
      },
      "18": {
        "start": { "line": 62, "column": 4 },
        "end": { "line": 62, "column": 42 }
      },
      "19": {
        "start": { "line": 63, "column": 4 },
        "end": { "line": 63, "column": 14 }
      },
      "20": {
        "start": { "line": 66, "column": 4 },
        "end": { "line": 66, "column": 17 }
      },
      "21": {
        "start": { "line": 68, "column": 2 },
        "end": { "line": 68, "column": 13 }
      },
      "22": {
        "start": { "line": 40, "column": 0 },
        "end": { "line": 40, "column": 16 }
      },
      "23": {
        "start": { "line": 80, "column": 19 },
        "end": { "line": 80, "column": 35 }
      },
      "24": {
        "start": { "line": 81, "column": 19 },
        "end": { "line": 81, "column": 35 }
      },
      "25": {
        "start": { "line": 82, "column": 21 },
        "end": { "line": 82, "column": 78 }
      },
      "26": {
        "start": { "line": 84, "column": 5 },
        "end": { "line": 84, "column": 17 }
      },
      "27": {
        "start": { "line": 87, "column": 6 },
        "end": { "line": 87, "column": 45 }
      },
      "28": {
        "start": { "line": 90, "column": 6 },
        "end": { "line": 90, "column": 19 }
      },
      "29": {
        "start": { "line": 95, "column": 2 },
        "end": { "line": 95, "column": 14 }
      },
      "30": {
        "start": { "line": 76, "column": 0 },
        "end": { "line": 76, "column": 16 }
      },
      "31": {
        "start": { "line": 104, "column": 20 },
        "end": { "line": 104, "column": 28 }
      },
      "32": {
        "start": { "line": 106, "column": 15 },
        "end": { "line": 106, "column": 16 }
      },
      "33": {
        "start": { "line": 107, "column": 17 },
        "end": { "line": 107, "column": 18 }
      },
      "34": {
        "start": { "line": 110, "column": 10 },
        "end": { "line": 110, "column": 48 }
      },
      "35": {
        "start": { "line": 111, "column": 10 },
        "end": { "line": 111, "column": 30 }
      },
      "36": {
        "start": { "line": 116, "column": 2 },
        "end": { "line": 116, "column": 20 }
      },
      "37": {
        "start": { "line": 103, "column": 0 },
        "end": { "line": 103, "column": 16 }
      },
      "38": {
        "start": { "line": 121, "column": 2 },
        "end": { "line": 123, "column": 5 }
      },
      "39": {
        "start": { "line": 122, "column": 4 },
        "end": { "line": 122, "column": 57 }
      },
      "40": {
        "start": { "line": 120, "column": 0 },
        "end": { "line": 120, "column": 16 }
      },
      "41": {
        "start": { "line": 128, "column": 21 },
        "end": { "line": 128, "column": 23 }
      },
      "42": {
        "start": { "line": 129, "column": 21 },
        "end": { "line": 129, "column": 23 }
      },
      "43": {
        "start": { "line": 130, "column": 15 },
        "end": { "line": 130, "column": 16 }
      },
      "44": {
        "start": { "line": 131, "column": 17 },
        "end": { "line": 131, "column": 18 }
      },
      "45": {
        "start": { "line": 133, "column": 8 },
        "end": { "line": 133, "column": 32 }
      },
      "46": {
        "start": { "line": 138, "column": 15 },
        "end": { "line": 138, "column": 16 }
      },
      "47": {
        "start": { "line": 139, "column": 17 },
        "end": { "line": 139, "column": 18 }
      },
      "48": {
        "start": { "line": 141, "column": 8 },
        "end": { "line": 141, "column": 32 }
      },
      "49": {
        "start": { "line": 146, "column": 2 },
        "end": { "line": 146, "column": 34 }
      },
      "50": {
        "start": { "line": 127, "column": 0 },
        "end": { "line": 127, "column": 16 }
      },
      "51": {
        "start": { "line": 156, "column": 2 },
        "end": { "line": 156, "column": 55 }
      },
      "52": {
        "start": { "line": 154, "column": 0 },
        "end": { "line": 154, "column": 16 }
      },
      "53": {
        "start": { "line": 165, "column": 20 },
        "end": { "line": 165, "column": 22 }
      },
      "54": {
        "start": { "line": 167, "column": 4 },
        "end": { "line": 170, "column": 7 }
      },
      "55": {
        "start": { "line": 172, "column": 12 },
        "end": { "line": 172, "column": 24 }
      },
      "56": {
        "start": { "line": 175, "column": 6 },
        "end": { "line": 175, "column": 17 }
      },
      "57": {
        "start": { "line": 178, "column": 2 },
        "end": { "line": 178, "column": 19 }
      },
      "58": {
        "start": { "line": 164, "column": 0 },
        "end": { "line": 164, "column": 16 }
      },
      "59": {
        "start": { "line": 187, "column": 19 },
        "end": { "line": 187, "column": 63 }
      },
      "60": {
        "start": { "line": 188, "column": 2 },
        "end": { "line": 188, "column": 38 }
      },
      "61": {
        "start": { "line": 186, "column": 0 },
        "end": { "line": 186, "column": 16 }
      },
      "62": {
        "start": { "line": 192, "column": 15 },
        "end": { "line": 192, "column": 29 }
      },
      "63": {
        "start": { "line": 193, "column": 17 },
        "end": { "line": 193, "column": 31 }
      },
      "64": {
        "start": { "line": 195, "column": 15 },
        "end": { "line": 195, "column": 16 }
      },
      "65": {
        "start": { "line": 196, "column": 4 },
        "end": { "line": 196, "column": 17 }
      },
      "66": {
        "start": { "line": 199, "column": 15 },
        "end": { "line": 199, "column": 16 }
      },
      "67": {
        "start": { "line": 200, "column": 4 },
        "end": { "line": 200, "column": 30 }
      },
      "68": {
        "start": { "line": 203, "column": 2 },
        "end": { "line": 203, "column": 16 }
      },
      "69": {
        "start": { "line": 191, "column": 0 },
        "end": { "line": 191, "column": 16 }
      },
      "70": {
        "start": { "line": 212, "column": 17 },
        "end": { "line": 212, "column": 36 }
      },
      "71": {
        "start": { "line": 213, "column": 17 },
        "end": { "line": 213, "column": 36 }
      },
      "72": {
        "start": { "line": 217, "column": 4 },
        "end": { "line": 217, "column": 17 }
      },
      "73": {
        "start": { "line": 222, "column": 4 },
        "end": { "line": 222, "column": 17 }
      },
      "74": {
        "start": { "line": 225, "column": 2 },
        "end": { "line": 225, "column": 14 }
      },
      "75": {
        "start": { "line": 211, "column": 0 },
        "end": { "line": 211, "column": 16 }
      },
      "76": {
        "start": { "line": 231, "column": 31 },
        "end": { "line": 231, "column": 70 }
      },
      "77": {
        "start": { "line": 235, "column": 36 },
        "end": { "line": 235, "column": 72 }
      },
      "78": {
        "start": { "line": 236, "column": 32 },
        "end": { "line": 236, "column": 34 }
      },
      "79": {
        "start": { "line": 237, "column": 16 },
        "end": { "line": 237, "column": 35 }
      },
      "80": {
        "start": { "line": 238, "column": 21 },
        "end": { "line": 238, "column": 31 }
      },
      "81": {
        "start": { "line": 241, "column": 2 },
        "end": { "line": 244, "column": 5 }
      },
      "82": {
        "start": { "line": 247, "column": 2 },
        "end": { "line": 247, "column": 42 }
      },
      "83": {
        "start": { "line": 250, "column": 25 },
        "end": { "line": 250, "column": 36 }
      },
      "84": {
        "start": { "line": 251, "column": 16 },
        "end": { "line": 251, "column": 34 }
      },
      "85": {
        "start": { "line": 252, "column": 4 },
        "end": { "line": 252, "column": 35 }
      },
      "86": {
        "start": { "line": 255, "column": 6 },
        "end": { "line": 255, "column": 20 }
      },
      "87": {
        "start": { "line": 256, "column": 6 },
        "end": { "line": 256, "column": 12 }
      },
      "88": {
        "start": { "line": 259, "column": 23 },
        "end": { "line": 261, "column": 6 }
      },
      "89": {
        "start": { "line": 260, "column": 6 },
        "end": { "line": 260, "column": 48 }
      },
      "90": {
        "start": { "line": 270, "column": 10 },
        "end": { "line": 270, "column": 56 }
      },
      "91": {
        "start": { "line": 273, "column": 10 },
        "end": { "line": 276, "column": 13 }
      },
      "92": {
        "start": { "line": 284, "column": 4 },
        "end": { "line": 284, "column": 28 }
      },
      "93": {
        "start": { "line": 285, "column": 4 },
        "end": { "line": 285, "column": 50 }
      },
      "94": {
        "start": { "line": 288, "column": 6 },
        "end": { "line": 288, "column": 26 }
      },
      "95": {
        "start": { "line": 289, "column": 6 },
        "end": { "line": 289, "column": 28 }
      },
      "96": {
        "start": { "line": 293, "column": 2 },
        "end": { "line": 293, "column": 18 }
      },
      "97": {
        "start": { "line": 294, "column": 2 },
        "end": { "line": 294, "column": 19 }
      },
      "98": {
        "start": { "line": 228, "column": 0 },
        "end": { "line": 228, "column": 16 }
      },
      "99": {
        "start": { "line": 303, "column": 24 },
        "end": { "line": 303, "column": 47 }
      },
      "100": {
        "start": { "line": 304, "column": 18 },
        "end": { "line": 308, "column": 4 }
      },
      "101": {
        "start": { "line": 306, "column": 6 },
        "end": { "line": 306, "column": 19 }
      },
      "102": {
        "start": { "line": 310, "column": 2 },
        "end": { "line": 310, "column": 20 }
      },
      "103": {
        "start": { "line": 302, "column": 0 },
        "end": { "line": 302, "column": 16 }
      },
      "104": {
        "start": { "line": 319, "column": 24 },
        "end": { "line": 319, "column": 47 }
      },
      "105": {
        "start": { "line": 322, "column": 4 },
        "end": { "line": 322, "column": 71 }
      },
      "106": {
        "start": { "line": 324, "column": 2 },
        "end": { "line": 324, "column": 48 }
      },
      "107": {
        "start": { "line": 318, "column": 0 },
        "end": { "line": 318, "column": 16 }
      },
      "108": {
        "start": { "line": 333, "column": 24 },
        "end": { "line": 333, "column": 47 }
      },
      "109": {
        "start": { "line": 336, "column": 4 },
        "end": { "line": 336, "column": 72 }
      },
      "110": {
        "start": { "line": 338, "column": 2 },
        "end": { "line": 338, "column": 49 }
      },
      "111": {
        "start": { "line": 332, "column": 0 },
        "end": { "line": 332, "column": 16 }
      },
      "112": {
        "start": { "line": 346, "column": 20 },
        "end": { "line": 346, "column": 30 }
      },
      "113": {
        "start": { "line": 347, "column": 15 },
        "end": { "line": 347, "column": 25 }
      },
      "114": {
        "start": { "line": 348, "column": 15 },
        "end": { "line": 348, "column": 25 }
      },
      "115": {
        "start": { "line": 356, "column": 39 },
        "end": { "line": 356, "column": 67 }
      },
      "116": {
        "start": { "line": 357, "column": 41 },
        "end": { "line": 357, "column": 69 }
      },
      "117": {
        "start": { "line": 359, "column": 21 },
        "end": { "line": 359, "column": 49 }
      },
      "118": {
        "start": { "line": 360, "column": 9 },
        "end": { "line": 360, "column": 35 }
      },
      "119": {
        "start": { "line": 343, "column": 0 },
        "end": { "line": 343, "column": 16 }
      },
      "120": {
        "start": { "line": 365, "column": 25 },
        "end": { "line": 365, "column": 40 }
      },
      "121": {
        "start": { "line": 366, "column": 15 },
        "end": { "line": 366, "column": 16 }
      },
      "122": {
        "start": { "line": 367, "column": 17 },
        "end": { "line": 367, "column": 18 }
      },
      "123": {
        "start": { "line": 369, "column": 8 },
        "end": { "line": 369, "column": 21 }
      },
      "124": {
        "start": { "line": 373, "column": 2 },
        "end": { "line": 373, "column": 14 }
      },
      "125": {
        "start": { "line": 364, "column": 0 },
        "end": { "line": 364, "column": 16 }
      },
      "126": {
        "start": { "line": 384, "column": 6 },
        "end": { "line": 384, "column": 18 }
      },
      "127": {
        "start": { "line": 387, "column": 2 },
        "end": { "line": 387, "column": 15 }
      },
      "128": {
        "start": { "line": 381, "column": 0 },
        "end": { "line": 381, "column": 16 }
      }
    },
    "fnMap": {
      "0": {
        "name": "simpleValidLoc",
        "decl": {
          "start": { "line": 20, "column": 16 },
          "end": { "line": 20, "column": 30 }
        },
        "loc": {
          "start": { "line": 20, "column": 52 },
          "end": { "line": 33, "column": 1 }
        }
      },
      "1": {
        "name": "randomValidLoc",
        "decl": {
          "start": { "line": 40, "column": 16 },
          "end": { "line": 40, "column": 30 }
        },
        "loc": {
          "start": { "line": 40, "column": 52 },
          "end": { "line": 69, "column": 1 }
        }
      },
      "2": {
        "name": "availableLoc",
        "decl": {
          "start": { "line": 76, "column": 16 },
          "end": { "line": 76, "column": 28 }
        },
        "loc": {
          "start": { "line": 76, "column": 107 },
          "end": { "line": 96, "column": 1 }
        }
      },
      "3": {
        "name": "closestMiningLocation",
        "decl": {
          "start": { "line": 103, "column": 16 },
          "end": { "line": 103, "column": 37 }
        },
        "loc": {
          "start": { "line": 103, "column": 98 },
          "end": { "line": 117, "column": 1 }
        }
      },
      "4": {
        "name": "sortByClosest",
        "decl": {
          "start": { "line": 120, "column": 16 },
          "end": { "line": 120, "column": 29 }
        },
        "loc": {
          "start": { "line": 120, "column": 67 },
          "end": { "line": 124, "column": 1 }
        }
      },
      "5": {
        "name": "(anonymous_5)",
        "decl": {
          "start": { "line": 121, "column": 22 },
          "end": { "line": 121, "column": 23 }
        },
        "loc": {
          "start": { "line": 121, "column": 31 },
          "end": { "line": 123, "column": 3 }
        }
      },
      "6": {
        "name": "findResources",
        "decl": {
          "start": { "line": 127, "column": 16 },
          "end": { "line": 127, "column": 29 }
        },
        "loc": {
          "start": { "line": 127, "column": 66 },
          "end": { "line": 147, "column": 1 }
        }
      },
      "7": {
        "name": "manhatDist",
        "decl": {
          "start": { "line": 154, "column": 16 },
          "end": { "line": 154, "column": 26 }
        },
        "loc": {
          "start": { "line": 154, "column": 51 },
          "end": { "line": 157, "column": 1 }
        }
      },
      "8": {
        "name": "closestCoords",
        "decl": {
          "start": { "line": 164, "column": 16 },
          "end": { "line": 164, "column": 29 }
        },
        "loc": {
          "start": { "line": 164, "column": 65 },
          "end": { "line": 179, "column": 1 }
        }
      },
      "9": {
        "name": "calcDegDirection",
        "decl": {
          "start": { "line": 186, "column": 16 },
          "end": { "line": 186, "column": 32 }
        },
        "loc": {
          "start": { "line": 186, "column": 59 },
          "end": { "line": 189, "column": 1 }
        }
      },
      "10": {
        "name": "fillArray",
        "decl": {
          "start": { "line": 191, "column": 16 },
          "end": { "line": 191, "column": 25 }
        },
        "loc": {
          "start": { "line": 191, "column": 46 },
          "end": { "line": 204, "column": 1 }
        }
      },
      "11": {
        "name": "checkBounds",
        "decl": {
          "start": { "line": 211, "column": 16 },
          "end": { "line": 211, "column": 27 }
        },
        "loc": {
          "start": { "line": 211, "column": 76 },
          "end": { "line": 226, "column": 1 }
        }
      },
      "12": {
        "name": "simplePathFinder",
        "decl": {
          "start": { "line": 228, "column": 16 },
          "end": { "line": 228, "column": 32 }
        },
        "loc": {
          "start": { "line": 228, "column": 113 },
          "end": { "line": 295, "column": 1 }
        }
      },
      "13": {
        "name": "(anonymous_13)",
        "decl": {
          "start": { "line": 259, "column": 38 },
          "end": { "line": 259, "column": 39 }
        },
        "loc": {
          "start": { "line": 259, "column": 46 },
          "end": { "line": 261, "column": 5 }
        }
      },
      "14": {
        "name": "findClosestFriendlyCastles",
        "decl": {
          "start": { "line": 302, "column": 16 },
          "end": { "line": 302, "column": 42 }
        },
        "loc": {
          "start": { "line": 302, "column": 64 },
          "end": { "line": 311, "column": 1 }
        }
      },
      "15": {
        "name": "(anonymous_15)",
        "decl": {
          "start": { "line": 304, "column": 39 },
          "end": { "line": 304, "column": 40 }
        },
        "loc": {
          "start": { "line": 304, "column": 49 },
          "end": { "line": 308, "column": 3 }
        }
      },
      "16": {
        "name": "visiblePilgrims",
        "decl": {
          "start": { "line": 318, "column": 16 },
          "end": { "line": 318, "column": 31 }
        },
        "loc": {
          "start": { "line": 318, "column": 53 },
          "end": { "line": 325, "column": 1 }
        }
      },
      "17": {
        "name": "isPilgrim",
        "decl": {
          "start": { "line": 321, "column": 11 },
          "end": { "line": 321, "column": 20 }
        },
        "loc": {
          "start": { "line": 321, "column": 31 },
          "end": { "line": 323, "column": 3 }
        }
      },
      "18": {
        "name": "visibleCrusaders",
        "decl": {
          "start": { "line": 332, "column": 16 },
          "end": { "line": 332, "column": 32 }
        },
        "loc": {
          "start": { "line": 332, "column": 54 },
          "end": { "line": 339, "column": 1 }
        }
      },
      "19": {
        "name": "isCrusader",
        "decl": {
          "start": { "line": 335, "column": 11 },
          "end": { "line": 335, "column": 21 }
        },
        "loc": {
          "start": { "line": 335, "column": 32 },
          "end": { "line": 337, "column": 3 }
        }
      },
      "20": {
        "name": "enemyCastle",
        "decl": {
          "start": { "line": 343, "column": 16 },
          "end": { "line": 343, "column": 27 }
        },
        "loc": {
          "start": { "line": 343, "column": 83 },
          "end": { "line": 362, "column": 1 }
        }
      },
      "21": {
        "name": "horizontalFlip",
        "decl": {
          "start": { "line": 364, "column": 16 },
          "end": { "line": 364, "column": 30 }
        },
        "loc": {
          "start": { "line": 364, "column": 40 },
          "end": { "line": 374, "column": 1 }
        }
      },
      "22": {
        "name": "visibleEnemy",
        "decl": {
          "start": { "line": 381, "column": 16 },
          "end": { "line": 381, "column": 28 }
        },
        "loc": {
          "start": { "line": 381, "column": 63 },
          "end": { "line": 388, "column": 1 }
        }
      }
    },
    "branchMap": {
      "0": {
        "loc": {
          "start": { "line": 23, "column": 10 },
          "end": { "line": 23, "column": 26 }
        },
        "type": "binary-expr",
        "locations": [
          {
            "start": { "line": 23, "column": 10 },
            "end": { "line": 23, "column": 26 }
          },
          {
            "start": { "line": 23, "column": 32 },
            "end": { "line": 23, "column": 53 }
          }
        ]
      },
      "1": {
        "loc": {
          "start": { "line": 64, "column": 11 },
          "end": { "line": 64, "column": 60 }
        },
        "type": "binary-expr",
        "locations": [
          {
            "start": { "line": 64, "column": 11 },
            "end": { "line": 64, "column": 60 }
          },
          {
            "start": { "line": 64, "column": 64 },
            "end": { "line": 64, "column": 91 }
          }
        ]
      },
      "2": {
        "loc": {
          "start": { "line": 89, "column": 8 },
          "end": { "line": 89, "column": 39 }
        },
        "type": "binary-expr",
        "locations": [
          {
            "start": { "line": 89, "column": 8 },
            "end": { "line": 89, "column": 39 }
          },
          {
            "start": { "line": 89, "column": 43 },
            "end": { "line": 89, "column": 51 }
          },
          {
            "start": { "line": 89, "column": 55 },
            "end": { "line": 89, "column": 63 }
          }
        ]
      },
      "3": {
        "loc": {
          "start": { "line": 108, "column": 10 },
          "end": { "line": 108, "column": 28 }
        },
        "type": "binary-expr",
        "locations": [
          {
            "start": { "line": 108, "column": 10 },
            "end": { "line": 108, "column": 28 }
          },
          {
            "start": { "line": 108, "column": 33 },
            "end": { "line": 108, "column": 59 }
          }
        ]
      },
      "4": {
        "loc": {
          "start": { "line": 216, "column": 6 },
          "end": { "line": 216, "column": 22 }
        },
        "type": "binary-expr",
        "locations": [
          {
            "start": { "line": 216, "column": 6 },
            "end": { "line": 216, "column": 22 }
          },
          {
            "start": { "line": 216, "column": 26 },
            "end": { "line": 216, "column": 36 }
          }
        ]
      },
      "5": {
        "loc": {
          "start": { "line": 221, "column": 6 },
          "end": { "line": 221, "column": 22 }
        },
        "type": "binary-expr",
        "locations": [
          {
            "start": { "line": 221, "column": 6 },
            "end": { "line": 221, "column": 22 }
          },
          {
            "start": { "line": 221, "column": 26 },
            "end": { "line": 221, "column": 36 }
          }
        ]
      },
      "6": {
        "loc": {
          "start": { "line": 254, "column": 8 },
          "end": { "line": 254, "column": 26 }
        },
        "type": "binary-expr",
        "locations": [
          {
            "start": { "line": 254, "column": 8 },
            "end": { "line": 254, "column": 26 }
          },
          {
            "start": { "line": 254, "column": 30 },
            "end": { "line": 254, "column": 48 }
          }
        ]
      },
      "7": {
        "loc": {
          "start": { "line": 264, "column": 11 },
          "end": { "line": 264, "column": 28 }
        },
        "type": "binary-expr",
        "locations": [
          {
            "start": { "line": 264, "column": 11 },
            "end": { "line": 264, "column": 28 }
          },
          {
            "start": { "line": 264, "column": 32 },
            "end": { "line": 264, "column": 68 }
          },
          {
            "start": { "line": 264, "column": 74 },
            "end": { "line": 264, "column": 91 }
          },
          {
            "start": { "line": 264, "column": 95 },
            "end": { "line": 264, "column": 131 }
          }
        ]
      },
      "8": {
        "loc": {
          "start": { "line": 266, "column": 12 },
          "end": { "line": 266, "column": 56 }
        },
        "type": "binary-expr",
        "locations": [
          {
            "start": { "line": 266, "column": 12 },
            "end": { "line": 266, "column": 56 }
          },
          {
            "start": { "line": 267, "column": 11 },
            "end": { "line": 267, "column": 59 }
          },
          {
            "start": { "line": 268, "column": 11 },
            "end": { "line": 268, "column": 53 }
          }
        ]
      },
      "9": {
        "loc": {
          "start": { "line": 287, "column": 8 },
          "end": { "line": 287, "column": 31 }
        },
        "type": "binary-expr",
        "locations": [
          {
            "start": { "line": 287, "column": 8 },
            "end": { "line": 287, "column": 31 }
          },
          {
            "start": { "line": 287, "column": 35 },
            "end": { "line": 287, "column": 58 }
          }
        ]
      },
      "10": {
        "loc": {
          "start": { "line": 305, "column": 9 },
          "end": { "line": 305, "column": 36 }
        },
        "type": "binary-expr",
        "locations": [
          {
            "start": { "line": 305, "column": 9 },
            "end": { "line": 305, "column": 36 }
          },
          {
            "start": { "line": 305, "column": 42 },
            "end": { "line": 305, "column": 69 }
          }
        ]
      },
      "11": {
        "loc": {
          "start": { "line": 322, "column": 11 },
          "end": { "line": 322, "column": 38 }
        },
        "type": "binary-expr",
        "locations": [
          {
            "start": { "line": 322, "column": 11 },
            "end": { "line": 322, "column": 38 }
          },
          {
            "start": { "line": 322, "column": 42 },
            "end": { "line": 322, "column": 70 }
          }
        ]
      },
      "12": {
        "loc": {
          "start": { "line": 336, "column": 11 },
          "end": { "line": 336, "column": 38 }
        },
        "type": "binary-expr",
        "locations": [
          {
            "start": { "line": 336, "column": 11 },
            "end": { "line": 336, "column": 38 }
          },
          {
            "start": { "line": 336, "column": 42 },
            "end": { "line": 336, "column": 71 }
          }
        ]
      }
    },
    "s": {
      "0": 2,
      "1": 2,
      "2": 0,
      "3": 0,
      "4": 0,
      "5": 0,
      "6": 0,
      "7": 0,
      "8": 2,
      "9": 0,
      "10": 0,
      "11": 0,
      "12": 0,
      "13": 0,
      "14": 0,
      "15": 0,
      "16": 0,
      "17": 0,
      "18": 0,
      "19": 0,
      "20": 0,
      "21": 0,
      "22": 2,
      "23": 1,
      "24": 1,
      "25": 1,
      "26": 1,
      "27": 0,
      "28": 0,
      "29": 0,
      "30": 2,
      "31": 1,
      "32": 1,
      "33": 50,
      "34": 1,
      "35": 1,
      "36": 1,
      "37": 2,
      "38": 1,
      "39": 6,
      "40": 2,
      "41": 0,
      "42": 0,
      "43": 0,
      "44": 0,
      "45": 0,
      "46": 0,
      "47": 0,
      "48": 0,
      "49": 0,
      "50": 2,
      "51": 28,
      "52": 2,
      "53": 1,
      "54": 3,
      "55": 1,
      "56": 2,
      "57": 1,
      "58": 2,
      "59": 7,
      "60": 7,
      "61": 2,
      "62": 6,
      "63": 6,
      "64": 6,
      "65": 300,
      "66": 6,
      "67": 300,
      "68": 6,
      "69": 2,
      "70": 1,
      "71": 1,
      "72": 0,
      "73": 1,
      "74": 0,
      "75": 2,
      "76": 1,
      "77": 1,
      "78": 1,
      "79": 1,
      "80": 1,
      "81": 1,
      "82": 1,
      "83": 4,
      "84": 4,
      "85": 4,
      "86": 1,
      "87": 1,
      "88": 3,
      "89": 24,
      "90": 9,
      "91": 9,
      "92": 3,
      "93": 3,
      "94": 1,
      "95": 1,
      "96": 1,
      "97": 1,
      "98": 2,
      "99": 0,
      "100": 0,
      "101": 0,
      "102": 0,
      "103": 2,
      "104": 0,
      "105": 0,
      "106": 0,
      "107": 2,
      "108": 0,
      "109": 0,
      "110": 0,
      "111": 2,
      "112": 0,
      "113": 0,
      "114": 0,
      "115": 0,
      "116": 0,
      "117": 0,
      "118": 0,
      "119": 2,
      "120": 0,
      "121": 0,
      "122": 0,
      "123": 0,
      "124": 0,
      "125": 2,
      "126": 0,
      "127": 0,
      "128": 2
    },
    "f": {
      "0": 0,
      "1": 0,
      "2": 1,
      "3": 1,
      "4": 1,
      "5": 6,
      "6": 0,
      "7": 28,
      "8": 1,
      "9": 7,
      "10": 6,
      "11": 1,
      "12": 1,
      "13": 24,
      "14": 0,
      "15": 0,
      "16": 0,
      "17": 0,
      "18": 0,
      "19": 0,
      "20": 0,
      "21": 0,
      "22": 0
    },
    "b": {
      "0": [0, 0],
      "1": [0, 0],
      "2": [0, 0, 0],
      "3": [2500, 3],
      "4": [1, 1],
      "5": [1, 1],
      "6": [4, 1],
      "7": [24, 21, 21, 16],
      "8": [16, 14, 14],
      "9": [3, 2],
      "10": [0, 0],
      "11": [0, 0],
      "12": [0, 0]
    }
  }
}
