{
  "/Users/belen/Desktop/PSU/CS 554/Battlecode/battlecode-group1/src/Communication.ts": {
    "path": "/Users/belen/Desktop/PSU/CS 554/Battlecode/battlecode-group1/src/Communication.ts",
    "statementMap": {
      "0": {
        "start": { "line": 13, "column": 3 },
        "end": { "line": 13, "column": 29 }
      },
      "1": {
        "start": { "line": 3, "column": 0 },
        "end": { "line": 3, "column": 16 }
      },
      "2": {
        "start": { "line": 19, "column": 8 },
        "end": { "line": 19, "column": 24 }
      },
      "3": {
        "start": { "line": 45, "column": 3 },
        "end": { "line": 45, "column": 56 }
      },
      "4": {
        "start": { "line": 16, "column": 0 },
        "end": { "line": 16, "column": 16 }
      },
      "5": {
        "start": { "line": 50, "column": 19 },
        "end": { "line": 50, "column": 20 }
      },
      "6": {
        "start": { "line": 51, "column": 4 },
        "end": { "line": 51, "column": 96 }
      },
      "7": {
        "start": { "line": 48, "column": 0 },
        "end": { "line": 48, "column": 16 }
      },
      "8": {
        "start": { "line": 55, "column": 19 },
        "end": { "line": 55, "column": 20 }
      },
      "9": {
        "start": { "line": 58, "column": 14 },
        "end": { "line": 58, "column": 87 }
      },
      "10": {
        "start": { "line": 59, "column": 14 },
        "end": { "line": 59, "column": 77 }
      },
      "11": {
        "start": { "line": 60, "column": 4 },
        "end": { "line": 60, "column": 18 }
      },
      "12": {
        "start": { "line": 54, "column": 0 },
        "end": { "line": 54, "column": 16 }
      }
    },
    "fnMap": {
      "0": {
        "name": "constructCoordMessage",
        "decl": {
          "start": { "line": 3, "column": 16 },
          "end": { "line": 3, "column": 37 }
        },
        "loc": {
          "start": { "line": 3, "column": 50 },
          "end": { "line": 14, "column": 1 }
        }
      },
      "1": {
        "name": "parseMessage",
        "decl": {
          "start": { "line": 16, "column": 16 },
          "end": { "line": 16, "column": 28 }
        },
        "loc": {
          "start": { "line": 16, "column": 44 },
          "end": { "line": 46, "column": 1 }
        }
      },
      "2": {
        "name": "constructCastleTalkMessage",
        "decl": {
          "start": { "line": 48, "column": 16 },
          "end": { "line": 48, "column": 42 }
        },
        "loc": {
          "start": { "line": 48, "column": 72 },
          "end": { "line": 52, "column": 1 }
        }
      },
      "3": {
        "name": "parseCastleTalk",
        "decl": {
          "start": { "line": 54, "column": 16 },
          "end": { "line": 54, "column": 31 }
        },
        "loc": {
          "start": { "line": 54, "column": 64 },
          "end": { "line": 61, "column": 1 }
        }
      }
    },
    "branchMap": {},
    "s": {
      "0": 2,
      "1": 1,
      "2": 1,
      "3": 1,
      "4": 1,
      "5": 2,
      "6": 2,
      "7": 1,
      "8": 1,
      "9": 1,
      "10": 1,
      "11": 1,
      "12": 1
    },
    "f": { "0": 2, "1": 2, "2": 2, "3": 1 },
    "b": {}
  },
  "/Users/belen/Desktop/PSU/CS 554/Battlecode/battlecode-group1/src/PriorityQueue.ts": {
    "path": "/Users/belen/Desktop/PSU/CS 554/Battlecode/battlecode-group1/src/PriorityQueue.ts",
    "statementMap": {
      "0": {
        "start": { "line": 12, "column": 57 },
        "end": { "line": 12, "column": 80 }
      },
      "1": {
        "start": { "line": 10, "column": 19 },
        "end": { "line": 10, "column": 35 }
      },
      "2": {
        "start": { "line": 88, "column": 10 },
        "end": { "line": 88, "column": 77 }
      },
      "3": {
        "start": { "line": 88, "column": 57 },
        "end": { "line": 88, "column": 76 }
      },
      "4": {
        "start": { "line": 89, "column": 10 },
        "end": { "line": 89, "column": 68 }
      },
      "5": {
        "start": { "line": 89, "column": 55 },
        "end": { "line": 89, "column": 67 }
      },
      "6": {
        "start": { "line": 90, "column": 10 },
        "end": { "line": 90, "column": 69 }
      },
      "7": {
        "start": { "line": 90, "column": 56 },
        "end": { "line": 90, "column": 68 }
      },
      "8": {
        "start": { "line": 13, "column": 4 },
        "end": { "line": 13, "column": 19 }
      },
      "9": {
        "start": { "line": 15, "column": 4 },
        "end": { "line": 15, "column": 33 }
      },
      "10": {
        "start": { "line": 19, "column": 4 },
        "end": { "line": 19, "column": 28 }
      },
      "11": {
        "start": { "line": 23, "column": 4 },
        "end": { "line": 26, "column": 7 }
      },
      "12": {
        "start": { "line": 24, "column": 6 },
        "end": { "line": 24, "column": 28 }
      },
      "13": {
        "start": { "line": 25, "column": 6 },
        "end": { "line": 25, "column": 20 }
      },
      "14": {
        "start": { "line": 30, "column": 4 },
        "end": { "line": 30, "column": 19 }
      },
      "15": {
        "start": { "line": 34, "column": 4 },
        "end": { "line": 34, "column": 31 }
      },
      "16": {
        "start": { "line": 38, "column": 24 },
        "end": { "line": 38, "column": 35 }
      },
      "17": {
        "start": { "line": 39, "column": 19 },
        "end": { "line": 39, "column": 34 }
      },
      "18": {
        "start": { "line": 41, "column": 6 },
        "end": { "line": 41, "column": 34 }
      },
      "19": {
        "start": { "line": 43, "column": 4 },
        "end": { "line": 43, "column": 20 }
      },
      "20": {
        "start": { "line": 44, "column": 4 },
        "end": { "line": 44, "column": 20 }
      },
      "21": {
        "start": { "line": 45, "column": 4 },
        "end": { "line": 45, "column": 23 }
      },
      "22": {
        "start": { "line": 49, "column": 28 },
        "end": { "line": 49, "column": 39 }
      },
      "23": {
        "start": { "line": 50, "column": 6 },
        "end": { "line": 50, "column": 32 }
      },
      "24": {
        "start": { "line": 51, "column": 6 },
        "end": { "line": 51, "column": 22 }
      },
      "25": {
        "start": { "line": 52, "column": 6 },
        "end": { "line": 52, "column": 27 }
      },
      "26": {
        "start": { "line": 56, "column": 4 },
        "end": { "line": 56, "column": 55 }
      },
      "27": {
        "start": { "line": 60, "column": 4 },
        "end": { "line": 60, "column": 56 }
      },
      "28": {
        "start": { "line": 64, "column": 15 },
        "end": { "line": 64, "column": 30 }
      },
      "29": {
        "start": { "line": 66, "column": 21 },
        "end": { "line": 66, "column": 38 }
      },
      "30": {
        "start": { "line": 67, "column": 6 },
        "end": { "line": 67, "column": 30 }
      },
      "31": {
        "start": { "line": 68, "column": 6 },
        "end": { "line": 68, "column": 20 }
      },
      "32": {
        "start": { "line": 73, "column": 15 },
        "end": { "line": 73, "column": 23 }
      },
      "33": {
        "start": { "line": 78, "column": 23 },
        "end": { "line": 78, "column": 142 }
      },
      "34": {
        "start": { "line": 79, "column": 6 },
        "end": { "line": 79, "column": 32 }
      },
      "35": {
        "start": { "line": 80, "column": 6 },
        "end": { "line": 80, "column": 22 }
      },
      "36": {
        "start": { "line": 85, "column": 4 },
        "end": { "line": 85, "column": 64 }
      },
      "37": {
        "start": { "line": 6, "column": 0 },
        "end": { "line": 6, "column": 13 }
      }
    },
    "fnMap": {
      "0": {
        "name": "(anonymous_0)",
        "decl": {
          "start": { "line": 12, "column": 2 },
          "end": { "line": 12, "column": 14 }
        },
        "loc": {
          "start": { "line": 12, "column": 80 },
          "end": { "line": 16, "column": 3 }
        }
      },
      "1": {
        "name": "(anonymous_1)",
        "decl": {
          "start": { "line": 12, "column": 27 },
          "end": { "line": 12, "column": 28 }
        },
        "loc": {
          "start": { "line": 12, "column": 57 },
          "end": { "line": 12, "column": 80 }
        }
      },
      "2": {
        "name": "(anonymous_2)",
        "decl": {
          "start": { "line": 88, "column": 42 },
          "end": { "line": 88, "column": 43 }
        },
        "loc": {
          "start": { "line": 88, "column": 57 },
          "end": { "line": 88, "column": 76 }
        }
      },
      "3": {
        "name": "(anonymous_3)",
        "decl": {
          "start": { "line": 89, "column": 40 },
          "end": { "line": 89, "column": 41 }
        },
        "loc": {
          "start": { "line": 89, "column": 55 },
          "end": { "line": 89, "column": 67 }
        }
      },
      "4": {
        "name": "(anonymous_4)",
        "decl": {
          "start": { "line": 90, "column": 41 },
          "end": { "line": 90, "column": 42 }
        },
        "loc": {
          "start": { "line": 90, "column": 56 },
          "end": { "line": 90, "column": 68 }
        }
      },
      "5": {
        "name": "(anonymous_5)",
        "decl": {
          "start": { "line": 18, "column": 9 },
          "end": { "line": 18, "column": 13 }
        },
        "loc": {
          "start": { "line": 18, "column": 13 },
          "end": { "line": 20, "column": 3 }
        }
      },
      "6": {
        "name": "(anonymous_6)",
        "decl": {
          "start": { "line": 22, "column": 9 },
          "end": { "line": 22, "column": 15 }
        },
        "loc": {
          "start": { "line": 22, "column": 37 },
          "end": { "line": 27, "column": 3 }
        }
      },
      "7": {
        "name": "(anonymous_7)",
        "decl": {
          "start": { "line": 23, "column": 19 },
          "end": { "line": 23, "column": 20 }
        },
        "loc": {
          "start": { "line": 23, "column": 29 },
          "end": { "line": 26, "column": 5 }
        }
      },
      "8": {
        "name": "(anonymous_8)",
        "decl": {
          "start": { "line": 29, "column": 9 },
          "end": { "line": 29, "column": 14 }
        },
        "loc": {
          "start": { "line": 29, "column": 14 },
          "end": { "line": 31, "column": 3 }
        }
      },
      "9": {
        "name": "(anonymous_9)",
        "decl": {
          "start": { "line": 33, "column": 9 },
          "end": { "line": 33, "column": 13 }
        },
        "loc": {
          "start": { "line": 33, "column": 13 },
          "end": { "line": 35, "column": 3 }
        }
      },
      "10": {
        "name": "(anonymous_10)",
        "decl": {
          "start": { "line": 37, "column": 9 },
          "end": { "line": 37, "column": 12 }
        },
        "loc": {
          "start": { "line": 37, "column": 12 },
          "end": { "line": 46, "column": 3 }
        }
      },
      "11": {
        "name": "(anonymous_11)",
        "decl": {
          "start": { "line": 48, "column": 9 },
          "end": { "line": 48, "column": 16 }
        },
        "loc": {
          "start": { "line": 48, "column": 30 },
          "end": { "line": 53, "column": 3 }
        }
      },
      "12": {
        "name": "(anonymous_12)",
        "decl": {
          "start": { "line": 55, "column": 10 },
          "end": { "line": 55, "column": 17 }
        },
        "loc": {
          "start": { "line": 55, "column": 38 },
          "end": { "line": 57, "column": 3 }
        }
      },
      "13": {
        "name": "(anonymous_13)",
        "decl": {
          "start": { "line": 59, "column": 10 },
          "end": { "line": 59, "column": 16 }
        },
        "loc": {
          "start": { "line": 59, "column": 36 },
          "end": { "line": 61, "column": 3 }
        }
      },
      "14": {
        "name": "(anonymous_14)",
        "decl": {
          "start": { "line": 63, "column": 10 },
          "end": { "line": 63, "column": 16 }
        },
        "loc": {
          "start": { "line": 63, "column": 16 },
          "end": { "line": 70, "column": 3 }
        }
      },
      "15": {
        "name": "(anonymous_15)",
        "decl": {
          "start": { "line": 72, "column": 10 },
          "end": { "line": 72, "column": 18 }
        },
        "loc": {
          "start": { "line": 72, "column": 18 },
          "end": { "line": 82, "column": 3 }
        }
      },
      "16": {
        "name": "(anonymous_16)",
        "decl": {
          "start": { "line": 84, "column": 10 },
          "end": { "line": 84, "column": 14 }
        },
        "loc": {
          "start": { "line": 84, "column": 35 },
          "end": { "line": 86, "column": 3 }
        }
      }
    },
    "branchMap": {
      "0": {
        "loc": {
          "start": { "line": 12, "column": 27 },
          "end": { "line": 12, "column": 80 }
        },
        "type": "default-arg",
        "locations": [
          {
            "start": { "line": 12, "column": 27 },
            "end": { "line": 12, "column": 80 }
          }
        ]
      },
      "1": {
        "loc": {
          "start": { "line": 65, "column": 10 },
          "end": { "line": 65, "column": 25 }
        },
        "type": "binary-expr",
        "locations": [
          {
            "start": { "line": 65, "column": 10 },
            "end": { "line": 65, "column": 25 }
          },
          {
            "start": { "line": 65, "column": 29 },
            "end": { "line": 65, "column": 65 }
          }
        ]
      },
      "2": {
        "loc": {
          "start": { "line": 75, "column": 7 },
          "end": { "line": 75, "column": 36 }
        },
        "type": "binary-expr",
        "locations": [
          {
            "start": { "line": 75, "column": 7 },
            "end": { "line": 75, "column": 36 }
          },
          {
            "start": { "line": 75, "column": 40 },
            "end": { "line": 75, "column": 74 }
          },
          {
            "start": { "line": 76, "column": 7 },
            "end": { "line": 76, "column": 37 }
          },
          {
            "start": { "line": 76, "column": 41 },
            "end": { "line": 76, "column": 76 }
          }
        ]
      },
      "3": {
        "loc": {
          "start": { "line": 78, "column": 108 },
          "end": { "line": 78, "column": 124 }
        },
        "type": "cond-expr",
        "locations": [
          {
            "start": { "line": 78, "column": 108 },
            "end": { "line": 78, "column": 124 }
          },
          {
            "start": { "line": 78, "column": 127 },
            "end": { "line": 78, "column": 142 }
          }
        ]
      },
      "4": {
        "loc": {
          "start": { "line": 78, "column": 24 },
          "end": { "line": 78, "column": 54 }
        },
        "type": "binary-expr",
        "locations": [
          {
            "start": { "line": 78, "column": 24 },
            "end": { "line": 78, "column": 54 }
          },
          {
            "start": { "line": 78, "column": 58 },
            "end": { "line": 78, "column": 104 }
          }
        ]
      }
    },
    "s": {
      "0": 28,
      "1": 3,
      "2": 3,
      "3": 35,
      "4": 3,
      "5": 19,
      "6": 3,
      "7": 18,
      "8": 3,
      "9": 3,
      "10": 58,
      "11": 20,
      "12": 20,
      "13": 20,
      "14": 0,
      "15": 8,
      "16": 8,
      "17": 8,
      "18": 3,
      "19": 8,
      "20": 8,
      "21": 8,
      "22": 0,
      "23": 0,
      "24": 0,
      "25": 0,
      "26": 0,
      "27": 28,
      "28": 20,
      "29": 15,
      "30": 15,
      "31": 15,
      "32": 8,
      "33": 3,
      "34": 3,
      "35": 3,
      "36": 21,
      "37": 2
    },
    "f": {
      "0": 3,
      "1": 28,
      "2": 35,
      "3": 19,
      "4": 18,
      "5": 58,
      "6": 20,
      "7": 20,
      "8": 0,
      "9": 8,
      "10": 8,
      "11": 0,
      "12": 0,
      "13": 28,
      "14": 20,
      "15": 8,
      "16": 21
    },
    "b": {
      "0": [3],
      "1": [35, 20],
      "2": [11, 4, 9, 1],
      "3": [2, 1],
      "4": [3, 3]
    }
  },
  "/Users/belen/Desktop/PSU/CS 554/Battlecode/battlecode-group1/src/battlecode.d.ts": {
    "path": "/Users/belen/Desktop/PSU/CS 554/Battlecode/battlecode-group1/src/battlecode.d.ts",
    "statementMap": {},
    "fnMap": {},
    "branchMap": {},
    "s": {},
    "f": {},
    "b": {},
    "_coverageSchema": "43e27e138ebf9cfc5966b082cf9a028302ed4184",
    "hash": "5b9a4bde8d1fae45e9dd13b2165086f590f84e9a"
  },
  "/Users/belen/Desktop/PSU/CS 554/Battlecode/battlecode-group1/src/utils.ts": {
    "path": "/Users/belen/Desktop/PSU/CS 554/Battlecode/battlecode-group1/src/utils.ts",
    "statementMap": {
      "0": {
        "start": { "line": 1, "column": 0 },
        "end": { "line": 1, "column": 52 }
      },
      "1": {
        "start": { "line": 2, "column": 0 },
        "end": { "line": 2, "column": 48 }
      },
      "2": {
        "start": { "line": 21, "column": 10 },
        "end": { "line": 21, "column": 11 }
      },
      "3": {
        "start": { "line": 22, "column": 15 },
        "end": { "line": 22, "column": 68 }
      },
      "4": {
        "start": { "line": 25, "column": 4 },
        "end": { "line": 25, "column": 11 }
      },
      "5": {
        "start": { "line": 26, "column": 4 },
        "end": { "line": 26, "column": 67 }
      },
      "6": {
        "start": { "line": 29, "column": 4 },
        "end": { "line": 29, "column": 18 }
      },
      "7": {
        "start": { "line": 32, "column": 2 },
        "end": { "line": 32, "column": 23 }
      },
      "8": {
        "start": { "line": 20, "column": 0 },
        "end": { "line": 20, "column": 16 }
      },
      "9": {
        "start": { "line": 43, "column": 17 },
        "end": { "line": 43, "column": 30 }
      },
      "10": {
        "start": { "line": 44, "column": 13 },
        "end": { "line": 44, "column": 58 }
      },
      "11": {
        "start": { "line": 45, "column": 12 },
        "end": { "line": 45, "column": 28 }
      },
      "12": {
        "start": { "line": 46, "column": 16 },
        "end": { "line": 46, "column": 17 }
      },
      "13": {
        "start": { "line": 48, "column": 2 },
        "end": { "line": 63, "column": 76 }
      },
      "14": {
        "start": { "line": 50, "column": 6 },
        "end": { "line": 50, "column": 18 }
      },
      "15": {
        "start": { "line": 53, "column": 6 },
        "end": { "line": 53, "column": 17 }
      },
      "16": {
        "start": { "line": 56, "column": 6 },
        "end": { "line": 56, "column": 18 }
      },
      "17": {
        "start": { "line": 59, "column": 6 },
        "end": { "line": 59, "column": 17 }
      },
      "18": {
        "start": { "line": 61, "column": 4 },
        "end": { "line": 61, "column": 42 }
      },
      "19": {
        "start": { "line": 62, "column": 4 },
        "end": { "line": 62, "column": 14 }
      },
      "20": {
        "start": { "line": 65, "column": 4 },
        "end": { "line": 65, "column": 17 }
      },
      "21": {
        "start": { "line": 67, "column": 2 },
        "end": { "line": 67, "column": 13 }
      },
      "22": {
        "start": { "line": 40, "column": 0 },
        "end": { "line": 40, "column": 16 }
      },
      "23": {
        "start": { "line": 79, "column": 19 },
        "end": { "line": 79, "column": 35 }
      },
      "24": {
        "start": { "line": 80, "column": 19 },
        "end": { "line": 80, "column": 35 }
      },
      "25": {
        "start": { "line": 81, "column": 21 },
        "end": { "line": 81, "column": 78 }
      },
      "26": {
        "start": { "line": 84, "column": 6 },
        "end": { "line": 84, "column": 45 }
      },
      "27": {
        "start": { "line": 87, "column": 6 },
        "end": { "line": 87, "column": 19 }
      },
      "28": {
        "start": { "line": 91, "column": 2 },
        "end": { "line": 91, "column": 14 }
      },
      "29": {
        "start": { "line": 75, "column": 0 },
        "end": { "line": 75, "column": 16 }
      },
      "30": {
        "start": { "line": 100, "column": 20 },
        "end": { "line": 100, "column": 28 }
      },
      "31": {
        "start": { "line": 102, "column": 15 },
        "end": { "line": 102, "column": 16 }
      },
      "32": {
        "start": { "line": 103, "column": 17 },
        "end": { "line": 103, "column": 18 }
      },
      "33": {
        "start": { "line": 106, "column": 10 },
        "end": { "line": 106, "column": 48 }
      },
      "34": {
        "start": { "line": 107, "column": 10 },
        "end": { "line": 107, "column": 30 }
      },
      "35": {
        "start": { "line": 112, "column": 2 },
        "end": { "line": 112, "column": 20 }
      },
      "36": {
        "start": { "line": 99, "column": 0 },
        "end": { "line": 99, "column": 16 }
      },
      "37": {
        "start": { "line": 117, "column": 2 },
        "end": { "line": 119, "column": 5 }
      },
      "38": {
        "start": { "line": 118, "column": 4 },
        "end": { "line": 118, "column": 57 }
      },
      "39": {
        "start": { "line": 116, "column": 0 },
        "end": { "line": 116, "column": 16 }
      },
      "40": {
        "start": { "line": 124, "column": 21 },
        "end": { "line": 124, "column": 23 }
      },
      "41": {
        "start": { "line": 125, "column": 21 },
        "end": { "line": 125, "column": 23 }
      },
      "42": {
        "start": { "line": 126, "column": 15 },
        "end": { "line": 126, "column": 16 }
      },
      "43": {
        "start": { "line": 127, "column": 17 },
        "end": { "line": 127, "column": 18 }
      },
      "44": {
        "start": { "line": 129, "column": 8 },
        "end": { "line": 129, "column": 32 }
      },
      "45": {
        "start": { "line": 134, "column": 15 },
        "end": { "line": 134, "column": 16 }
      },
      "46": {
        "start": { "line": 135, "column": 17 },
        "end": { "line": 135, "column": 18 }
      },
      "47": {
        "start": { "line": 137, "column": 8 },
        "end": { "line": 137, "column": 32 }
      },
      "48": {
        "start": { "line": 142, "column": 2 },
        "end": { "line": 142, "column": 34 }
      },
      "49": {
        "start": { "line": 123, "column": 0 },
        "end": { "line": 123, "column": 16 }
      },
      "50": {
        "start": { "line": 152, "column": 2 },
        "end": { "line": 152, "column": 55 }
      },
      "51": {
        "start": { "line": 150, "column": 0 },
        "end": { "line": 150, "column": 16 }
      },
      "52": {
        "start": { "line": 161, "column": 20 },
        "end": { "line": 161, "column": 22 }
      },
      "53": {
        "start": { "line": 163, "column": 4 },
        "end": { "line": 166, "column": 7 }
      },
      "54": {
        "start": { "line": 168, "column": 12 },
        "end": { "line": 168, "column": 24 }
      },
      "55": {
        "start": { "line": 171, "column": 6 },
        "end": { "line": 171, "column": 17 }
      },
      "56": {
        "start": { "line": 174, "column": 2 },
        "end": { "line": 174, "column": 19 }
      },
      "57": {
        "start": { "line": 160, "column": 0 },
        "end": { "line": 160, "column": 16 }
      },
      "58": {
        "start": { "line": 183, "column": 19 },
        "end": { "line": 183, "column": 63 }
      },
      "59": {
        "start": { "line": 184, "column": 2 },
        "end": { "line": 184, "column": 38 }
      },
      "60": {
        "start": { "line": 182, "column": 0 },
        "end": { "line": 182, "column": 16 }
      },
      "61": {
        "start": { "line": 188, "column": 15 },
        "end": { "line": 188, "column": 29 }
      },
      "62": {
        "start": { "line": 189, "column": 17 },
        "end": { "line": 189, "column": 31 }
      },
      "63": {
        "start": { "line": 191, "column": 15 },
        "end": { "line": 191, "column": 16 }
      },
      "64": {
        "start": { "line": 192, "column": 4 },
        "end": { "line": 192, "column": 17 }
      },
      "65": {
        "start": { "line": 195, "column": 15 },
        "end": { "line": 195, "column": 16 }
      },
      "66": {
        "start": { "line": 196, "column": 4 },
        "end": { "line": 196, "column": 30 }
      },
      "67": {
        "start": { "line": 199, "column": 2 },
        "end": { "line": 199, "column": 16 }
      },
      "68": {
        "start": { "line": 187, "column": 0 },
        "end": { "line": 187, "column": 16 }
      },
      "69": {
        "start": { "line": 208, "column": 17 },
        "end": { "line": 208, "column": 36 }
      },
      "70": {
        "start": { "line": 209, "column": 17 },
        "end": { "line": 209, "column": 36 }
      },
      "71": {
        "start": { "line": 213, "column": 4 },
        "end": { "line": 213, "column": 17 }
      },
      "72": {
        "start": { "line": 218, "column": 4 },
        "end": { "line": 218, "column": 17 }
      },
      "73": {
        "start": { "line": 221, "column": 2 },
        "end": { "line": 221, "column": 14 }
      },
      "74": {
        "start": { "line": 207, "column": 0 },
        "end": { "line": 207, "column": 16 }
      },
      "75": {
        "start": { "line": 226, "column": 31 },
        "end": { "line": 226, "column": 70 }
      },
      "76": {
        "start": { "line": 227, "column": 36 },
        "end": { "line": 227, "column": 72 }
      },
      "77": {
        "start": { "line": 228, "column": 32 },
        "end": { "line": 228, "column": 34 }
      },
      "78": {
        "start": { "line": 229, "column": 16 },
        "end": { "line": 229, "column": 35 }
      },
      "79": {
        "start": { "line": 230, "column": 21 },
        "end": { "line": 230, "column": 31 }
      },
      "80": {
        "start": { "line": 233, "column": 2 },
        "end": { "line": 236, "column": 5 }
      },
      "81": {
        "start": { "line": 237, "column": 2 },
        "end": { "line": 237, "column": 42 }
      },
      "82": {
        "start": { "line": 240, "column": 25 },
        "end": { "line": 240, "column": 36 }
      },
      "83": {
        "start": { "line": 241, "column": 16 },
        "end": { "line": 241, "column": 34 }
      },
      "84": {
        "start": { "line": 242, "column": 4 },
        "end": { "line": 242, "column": 35 }
      },
      "85": {
        "start": { "line": 245, "column": 6 },
        "end": { "line": 245, "column": 20 }
      },
      "86": {
        "start": { "line": 246, "column": 6 },
        "end": { "line": 246, "column": 12 }
      },
      "87": {
        "start": { "line": 249, "column": 23 },
        "end": { "line": 251, "column": 6 }
      },
      "88": {
        "start": { "line": 250, "column": 6 },
        "end": { "line": 250, "column": 48 }
      },
      "89": {
        "start": { "line": 260, "column": 10 },
        "end": { "line": 260, "column": 56 }
      },
      "90": {
        "start": { "line": 263, "column": 10 },
        "end": { "line": 266, "column": 13 }
      },
      "91": {
        "start": { "line": 274, "column": 4 },
        "end": { "line": 274, "column": 28 }
      },
      "92": {
        "start": { "line": 275, "column": 4 },
        "end": { "line": 275, "column": 50 }
      },
      "93": {
        "start": { "line": 278, "column": 6 },
        "end": { "line": 278, "column": 26 }
      },
      "94": {
        "start": { "line": 279, "column": 6 },
        "end": { "line": 279, "column": 28 }
      },
      "95": {
        "start": { "line": 283, "column": 2 },
        "end": { "line": 283, "column": 18 }
      },
      "96": {
        "start": { "line": 284, "column": 2 },
        "end": { "line": 284, "column": 19 }
      },
      "97": {
        "start": { "line": 224, "column": 0 },
        "end": { "line": 224, "column": 16 }
      },
      "98": {
        "start": { "line": 293, "column": 24 },
        "end": { "line": 293, "column": 47 }
      },
      "99": {
        "start": { "line": 294, "column": 18 },
        "end": { "line": 298, "column": 4 }
      },
      "100": {
        "start": { "line": 296, "column": 6 },
        "end": { "line": 296, "column": 19 }
      },
      "101": {
        "start": { "line": 300, "column": 2 },
        "end": { "line": 300, "column": 20 }
      },
      "102": {
        "start": { "line": 292, "column": 0 },
        "end": { "line": 292, "column": 16 }
      },
      "103": {
        "start": { "line": 309, "column": 24 },
        "end": { "line": 309, "column": 47 }
      },
      "104": {
        "start": { "line": 312, "column": 4 },
        "end": { "line": 312, "column": 71 }
      },
      "105": {
        "start": { "line": 314, "column": 2 },
        "end": { "line": 314, "column": 48 }
      },
      "106": {
        "start": { "line": 308, "column": 0 },
        "end": { "line": 308, "column": 16 }
      },
      "107": {
        "start": { "line": 323, "column": 24 },
        "end": { "line": 323, "column": 47 }
      },
      "108": {
        "start": { "line": 326, "column": 4 },
        "end": { "line": 326, "column": 72 }
      },
      "109": {
        "start": { "line": 328, "column": 2 },
        "end": { "line": 328, "column": 49 }
      },
      "110": {
        "start": { "line": 322, "column": 0 },
        "end": { "line": 322, "column": 16 }
      },
      "111": {
        "start": { "line": 336, "column": 20 },
        "end": { "line": 336, "column": 30 }
      },
      "112": {
        "start": { "line": 337, "column": 15 },
        "end": { "line": 337, "column": 25 }
      },
      "113": {
        "start": { "line": 338, "column": 15 },
        "end": { "line": 338, "column": 25 }
      },
      "114": {
        "start": { "line": 340, "column": 39 },
        "end": { "line": 340, "column": 67 }
      },
      "115": {
        "start": { "line": 341, "column": 41 },
        "end": { "line": 341, "column": 69 }
      },
      "116": {
        "start": { "line": 343, "column": 21 },
        "end": { "line": 343, "column": 49 }
      },
      "117": {
        "start": { "line": 344, "column": 9 },
        "end": { "line": 344, "column": 35 }
      },
      "118": {
        "start": { "line": 333, "column": 0 },
        "end": { "line": 333, "column": 16 }
      },
      "119": {
        "start": { "line": 349, "column": 25 },
        "end": { "line": 349, "column": 35 }
      },
      "120": {
        "start": { "line": 350, "column": 15 },
        "end": { "line": 350, "column": 16 }
      },
      "121": {
        "start": { "line": 351, "column": 17 },
        "end": { "line": 351, "column": 18 }
      },
      "122": {
        "start": { "line": 353, "column": 8 },
        "end": { "line": 353, "column": 21 }
      },
      "123": {
        "start": { "line": 357, "column": 2 },
        "end": { "line": 357, "column": 14 }
      },
      "124": {
        "start": { "line": 348, "column": 0 },
        "end": { "line": 348, "column": 16 }
      },
      "125": {
        "start": { "line": 368, "column": 6 },
        "end": { "line": 368, "column": 18 }
      },
      "126": {
        "start": { "line": 371, "column": 2 },
        "end": { "line": 371, "column": 15 }
      },
      "127": {
        "start": { "line": 365, "column": 0 },
        "end": { "line": 365, "column": 16 }
      }
    },
    "fnMap": {
      "0": {
        "name": "simpleValidLoc",
        "decl": {
          "start": { "line": 20, "column": 16 },
          "end": { "line": 20, "column": 30 }
        },
        "loc": {
          "start": { "line": 20, "column": 73 },
          "end": { "line": 33, "column": 1 }
        }
      },
      "1": {
        "name": "randomValidLoc",
        "decl": {
          "start": { "line": 40, "column": 16 },
          "end": { "line": 40, "column": 30 }
        },
        "loc": {
          "start": { "line": 40, "column": 74 },
          "end": { "line": 68, "column": 1 }
        }
      },
      "2": {
        "name": "availableLoc",
        "decl": {
          "start": { "line": 75, "column": 16 },
          "end": { "line": 75, "column": 28 }
        },
        "loc": {
          "start": { "line": 75, "column": 107 },
          "end": { "line": 92, "column": 1 }
        }
      },
      "3": {
        "name": "closestMiningLocation",
        "decl": {
          "start": { "line": 99, "column": 16 },
          "end": { "line": 99, "column": 37 }
        },
        "loc": {
          "start": { "line": 99, "column": 98 },
          "end": { "line": 113, "column": 1 }
        }
      },
      "4": {
        "name": "sortByClosest",
        "decl": {
          "start": { "line": 116, "column": 16 },
          "end": { "line": 116, "column": 29 }
        },
        "loc": {
          "start": { "line": 116, "column": 67 },
          "end": { "line": 120, "column": 1 }
        }
      },
      "5": {
        "name": "(anonymous_5)",
        "decl": {
          "start": { "line": 117, "column": 22 },
          "end": { "line": 117, "column": 23 }
        },
        "loc": {
          "start": { "line": 117, "column": 31 },
          "end": { "line": 119, "column": 3 }
        }
      },
      "6": {
        "name": "findResources",
        "decl": {
          "start": { "line": 123, "column": 16 },
          "end": { "line": 123, "column": 29 }
        },
        "loc": {
          "start": { "line": 123, "column": 66 },
          "end": { "line": 143, "column": 1 }
        }
      },
      "7": {
        "name": "manhatDist",
        "decl": {
          "start": { "line": 150, "column": 16 },
          "end": { "line": 150, "column": 26 }
        },
        "loc": {
          "start": { "line": 150, "column": 51 },
          "end": { "line": 153, "column": 1 }
        }
      },
      "8": {
        "name": "closestCoords",
        "decl": {
          "start": { "line": 160, "column": 16 },
          "end": { "line": 160, "column": 29 }
        },
        "loc": {
          "start": { "line": 160, "column": 65 },
          "end": { "line": 175, "column": 1 }
        }
      },
      "9": {
        "name": "calcDegDirection",
        "decl": {
          "start": { "line": 182, "column": 16 },
          "end": { "line": 182, "column": 32 }
        },
        "loc": {
          "start": { "line": 182, "column": 59 },
          "end": { "line": 185, "column": 1 }
        }
      },
      "10": {
        "name": "fillArray",
        "decl": {
          "start": { "line": 187, "column": 16 },
          "end": { "line": 187, "column": 25 }
        },
        "loc": {
          "start": { "line": 187, "column": 46 },
          "end": { "line": 200, "column": 1 }
        }
      },
      "11": {
        "name": "checkBounds",
        "decl": {
          "start": { "line": 207, "column": 16 },
          "end": { "line": 207, "column": 27 }
        },
        "loc": {
          "start": { "line": 207, "column": 76 },
          "end": { "line": 222, "column": 1 }
        }
      },
      "12": {
        "name": "simplePathFinder",
        "decl": {
          "start": { "line": 224, "column": 16 },
          "end": { "line": 224, "column": 32 }
        },
        "loc": {
          "start": { "line": 224, "column": 113 },
          "end": { "line": 285, "column": 1 }
        }
      },
      "13": {
        "name": "(anonymous_13)",
        "decl": {
          "start": { "line": 249, "column": 38 },
          "end": { "line": 249, "column": 39 }
        },
        "loc": {
          "start": { "line": 249, "column": 46 },
          "end": { "line": 251, "column": 5 }
        }
      },
      "14": {
        "name": "findClosestFriendlyCastles",
        "decl": {
          "start": { "line": 292, "column": 16 },
          "end": { "line": 292, "column": 42 }
        },
        "loc": {
          "start": { "line": 292, "column": 64 },
          "end": { "line": 301, "column": 1 }
        }
      },
      "15": {
        "name": "(anonymous_15)",
        "decl": {
          "start": { "line": 294, "column": 39 },
          "end": { "line": 294, "column": 40 }
        },
        "loc": {
          "start": { "line": 294, "column": 49 },
          "end": { "line": 298, "column": 3 }
        }
      },
      "16": {
        "name": "visiblePilgrims",
        "decl": {
          "start": { "line": 308, "column": 16 },
          "end": { "line": 308, "column": 31 }
        },
        "loc": {
          "start": { "line": 308, "column": 53 },
          "end": { "line": 315, "column": 1 }
        }
      },
      "17": {
        "name": "isPilgrim",
        "decl": {
          "start": { "line": 311, "column": 11 },
          "end": { "line": 311, "column": 20 }
        },
        "loc": {
          "start": { "line": 311, "column": 31 },
          "end": { "line": 313, "column": 3 }
        }
      },
      "18": {
        "name": "visibleCrusaders",
        "decl": {
          "start": { "line": 322, "column": 16 },
          "end": { "line": 322, "column": 32 }
        },
        "loc": {
          "start": { "line": 322, "column": 54 },
          "end": { "line": 329, "column": 1 }
        }
      },
      "19": {
        "name": "isCrusader",
        "decl": {
          "start": { "line": 325, "column": 11 },
          "end": { "line": 325, "column": 21 }
        },
        "loc": {
          "start": { "line": 325, "column": 32 },
          "end": { "line": 327, "column": 3 }
        }
      },
      "20": {
        "name": "enemyCastle",
        "decl": {
          "start": { "line": 333, "column": 16 },
          "end": { "line": 333, "column": 27 }
        },
        "loc": {
          "start": { "line": 333, "column": 83 },
          "end": { "line": 346, "column": 1 }
        }
      },
      "21": {
        "name": "horizontalFlip",
        "decl": {
          "start": { "line": 348, "column": 16 },
          "end": { "line": 348, "column": 30 }
        },
        "loc": {
          "start": { "line": 348, "column": 47 },
          "end": { "line": 358, "column": 1 }
        }
      },
      "22": {
        "name": "visibleEnemy",
        "decl": {
          "start": { "line": 365, "column": 16 },
          "end": { "line": 365, "column": 28 }
        },
        "loc": {
          "start": { "line": 365, "column": 63 },
          "end": { "line": 372, "column": 1 }
        }
      }
    },
    "branchMap": {
      "0": {
        "loc": {
          "start": { "line": 23, "column": 10 },
          "end": { "line": 23, "column": 26 }
        },
        "type": "binary-expr",
        "locations": [
          {
            "start": { "line": 23, "column": 10 },
            "end": { "line": 23, "column": 26 }
          },
          {
            "start": { "line": 23, "column": 32 },
            "end": { "line": 23, "column": 53 }
          }
        ]
      },
      "1": {
        "loc": {
          "start": { "line": 63, "column": 11 },
          "end": { "line": 63, "column": 43 }
        },
        "type": "binary-expr",
        "locations": [
          {
            "start": { "line": 63, "column": 11 },
            "end": { "line": 63, "column": 43 }
          },
          {
            "start": { "line": 63, "column": 47 },
            "end": { "line": 63, "column": 74 }
          }
        ]
      },
      "2": {
        "loc": {
          "start": { "line": 86, "column": 8 },
          "end": { "line": 86, "column": 39 }
        },
        "type": "binary-expr",
        "locations": [
          {
            "start": { "line": 86, "column": 8 },
            "end": { "line": 86, "column": 39 }
          },
          {
            "start": { "line": 86, "column": 43 },
            "end": { "line": 86, "column": 51 }
          },
          {
            "start": { "line": 86, "column": 55 },
            "end": { "line": 86, "column": 63 }
          }
        ]
      },
      "3": {
        "loc": {
          "start": { "line": 104, "column": 10 },
          "end": { "line": 104, "column": 28 }
        },
        "type": "binary-expr",
        "locations": [
          {
            "start": { "line": 104, "column": 10 },
            "end": { "line": 104, "column": 28 }
          },
          {
            "start": { "line": 104, "column": 33 },
            "end": { "line": 104, "column": 59 }
          }
        ]
      },
      "4": {
        "loc": {
          "start": { "line": 212, "column": 6 },
          "end": { "line": 212, "column": 22 }
        },
        "type": "binary-expr",
        "locations": [
          {
            "start": { "line": 212, "column": 6 },
            "end": { "line": 212, "column": 22 }
          },
          {
            "start": { "line": 212, "column": 26 },
            "end": { "line": 212, "column": 36 }
          }
        ]
      },
      "5": {
        "loc": {
          "start": { "line": 217, "column": 6 },
          "end": { "line": 217, "column": 22 }
        },
        "type": "binary-expr",
        "locations": [
          {
            "start": { "line": 217, "column": 6 },
            "end": { "line": 217, "column": 22 }
          },
          {
            "start": { "line": 217, "column": 26 },
            "end": { "line": 217, "column": 36 }
          }
        ]
      },
      "6": {
        "loc": {
          "start": { "line": 244, "column": 8 },
          "end": { "line": 244, "column": 26 }
        },
        "type": "binary-expr",
        "locations": [
          {
            "start": { "line": 244, "column": 8 },
            "end": { "line": 244, "column": 26 }
          },
          {
            "start": { "line": 244, "column": 30 },
            "end": { "line": 244, "column": 48 }
          }
        ]
      },
      "7": {
        "loc": {
          "start": { "line": 254, "column": 11 },
          "end": { "line": 254, "column": 28 }
        },
        "type": "binary-expr",
        "locations": [
          {
            "start": { "line": 254, "column": 11 },
            "end": { "line": 254, "column": 28 }
          },
          {
            "start": { "line": 254, "column": 32 },
            "end": { "line": 254, "column": 68 }
          },
          {
            "start": { "line": 254, "column": 74 },
            "end": { "line": 254, "column": 91 }
          },
          {
            "start": { "line": 254, "column": 95 },
            "end": { "line": 254, "column": 131 }
          }
        ]
      },
      "8": {
        "loc": {
          "start": { "line": 256, "column": 12 },
          "end": { "line": 256, "column": 56 }
        },
        "type": "binary-expr",
        "locations": [
          {
            "start": { "line": 256, "column": 12 },
            "end": { "line": 256, "column": 56 }
          },
          {
            "start": { "line": 257, "column": 11 },
            "end": { "line": 257, "column": 59 }
          },
          {
            "start": { "line": 258, "column": 11 },
            "end": { "line": 258, "column": 53 }
          }
        ]
      },
      "9": {
        "loc": {
          "start": { "line": 277, "column": 8 },
          "end": { "line": 277, "column": 31 }
        },
        "type": "binary-expr",
        "locations": [
          {
            "start": { "line": 277, "column": 8 },
            "end": { "line": 277, "column": 31 }
          },
          {
            "start": { "line": 277, "column": 35 },
            "end": { "line": 277, "column": 58 }
          }
        ]
      },
      "10": {
        "loc": {
          "start": { "line": 295, "column": 9 },
          "end": { "line": 295, "column": 36 }
        },
        "type": "binary-expr",
        "locations": [
          {
            "start": { "line": 295, "column": 9 },
            "end": { "line": 295, "column": 36 }
          },
          {
            "start": { "line": 295, "column": 42 },
            "end": { "line": 295, "column": 69 }
          }
        ]
      },
      "11": {
        "loc": {
          "start": { "line": 312, "column": 11 },
          "end": { "line": 312, "column": 38 }
        },
        "type": "binary-expr",
        "locations": [
          {
            "start": { "line": 312, "column": 11 },
            "end": { "line": 312, "column": 38 }
          },
          {
            "start": { "line": 312, "column": 42 },
            "end": { "line": 312, "column": 70 }
          }
        ]
      },
      "12": {
        "loc": {
          "start": { "line": 326, "column": 11 },
          "end": { "line": 326, "column": 38 }
        },
        "type": "binary-expr",
        "locations": [
          {
            "start": { "line": 326, "column": 11 },
            "end": { "line": 326, "column": 38 }
          },
          {
            "start": { "line": 326, "column": 42 },
            "end": { "line": 326, "column": 71 }
          }
        ]
      }
    },
    "s": {
      "0": 2,
      "1": 2,
      "2": 1,
      "3": 1,
      "4": 0,
      "5": 0,
      "6": 0,
      "7": 1,
      "8": 2,
      "9": 1,
      "10": 1,
      "11": 1,
      "12": 1,
      "13": 1,
      "14": 1,
      "15": 0,
      "16": 0,
      "17": 0,
      "18": 8,
      "19": 8,
      "20": 1,
      "21": 1,
      "22": 2,
      "23": 46,
      "24": 46,
      "25": 46,
      "26": 2,
      "27": 2,
      "28": 5,
      "29": 2,
      "30": 2,
      "31": 2,
      "32": 54,
      "33": 3,
      "34": 3,
      "35": 2,
      "36": 2,
      "37": 2,
      "38": 4,
      "39": 2,
      "40": 1,
      "41": 1,
      "42": 1,
      "43": 3,
      "44": 3,
      "45": 1,
      "46": 3,
      "47": 3,
      "48": 1,
      "49": 2,
      "50": 38,
      "51": 2,
      "52": 2,
      "53": 6,
      "54": 2,
      "55": 2,
      "56": 2,
      "57": 2,
      "58": 7,
      "59": 7,
      "60": 2,
      "61": 8,
      "62": 8,
      "63": 8,
      "64": 306,
      "65": 8,
      "66": 306,
      "67": 8,
      "68": 2,
      "69": 48,
      "70": 48,
      "71": 32,
      "72": 12,
      "73": 4,
      "74": 2,
      "75": 2,
      "76": 2,
      "77": 2,
      "78": 2,
      "79": 2,
      "80": 2,
      "81": 2,
      "82": 7,
      "83": 7,
      "84": 7,
      "85": 2,
      "86": 2,
      "87": 5,
      "88": 40,
      "89": 11,
      "90": 11,
      "91": 5,
      "92": 5,
      "93": 2,
      "94": 2,
      "95": 2,
      "96": 2,
      "97": 2,
      "98": 0,
      "99": 0,
      "100": 0,
      "101": 0,
      "102": 2,
      "103": 0,
      "104": 0,
      "105": 0,
      "106": 2,
      "107": 0,
      "108": 0,
      "109": 0,
      "110": 2,
      "111": 1,
      "112": 1,
      "113": 1,
      "114": 1,
      "115": 1,
      "116": 1,
      "117": 0,
      "118": 2,
      "119": 2,
      "120": 2,
      "121": 4,
      "122": 1,
      "123": 1,
      "124": 2,
      "125": 0,
      "126": 0,
      "127": 2
    },
    "f": {
      "0": 1,
      "1": 1,
      "2": 7,
      "3": 2,
      "4": 2,
      "5": 4,
      "6": 1,
      "7": 38,
      "8": 2,
      "9": 7,
      "10": 8,
      "11": 48,
      "12": 2,
      "13": 40,
      "14": 0,
      "15": 0,
      "16": 0,
      "17": 0,
      "18": 0,
      "19": 0,
      "20": 1,
      "21": 2,
      "22": 0
    },
    "b": {
      "0": [1, 0],
      "1": [8, 8],
      "2": [46, 7, 2],
      "3": [2516, 11],
      "4": [48, 31],
      "5": [16, 11],
      "6": [7, 2],
      "7": [40, 33, 33, 27],
      "8": [27, 23, 16],
      "9": [5, 3],
      "10": [0, 0],
      "11": [0, 0],
      "12": [0, 0]
    }
  }
}
