TN:
SF:/Users/belen/Desktop/PSU/CS 554/Battlecode/battlecode-group1/src/Communication.ts
FN:3,constructCoordMessage
FN:16,parseMessage
FN:48,constructCastleTalkMessage
FN:54,parseCastleTalk
FNF:4
FNH:4
FNDA:2,constructCoordMessage
FNDA:2,parseMessage
FNDA:2,constructCastleTalkMessage
FNDA:1,parseCastleTalk
DA:3,1
DA:13,2
DA:16,1
DA:19,1
DA:45,1
DA:48,1
DA:50,2
DA:51,2
DA:54,1
DA:55,1
DA:58,1
DA:59,1
DA:60,1
LF:13
LH:13
BRF:0
BRH:0
end_of_record
TN:
SF:/Users/belen/Desktop/PSU/CS 554/Battlecode/battlecode-group1/src/PriorityQueue.ts
FN:12,(anonymous_0)
FN:12,(anonymous_1)
FN:88,(anonymous_2)
FN:89,(anonymous_3)
FN:90,(anonymous_4)
FN:18,(anonymous_5)
FN:22,(anonymous_6)
FN:23,(anonymous_7)
FN:29,(anonymous_8)
FN:33,(anonymous_9)
FN:37,(anonymous_10)
FN:48,(anonymous_11)
FN:55,(anonymous_12)
FN:59,(anonymous_13)
FN:63,(anonymous_14)
FN:72,(anonymous_15)
FN:84,(anonymous_16)
FNF:17
FNH:14
FNDA:3,(anonymous_0)
FNDA:28,(anonymous_1)
FNDA:35,(anonymous_2)
FNDA:19,(anonymous_3)
FNDA:18,(anonymous_4)
FNDA:58,(anonymous_5)
FNDA:20,(anonymous_6)
FNDA:20,(anonymous_7)
FNDA:0,(anonymous_8)
FNDA:8,(anonymous_9)
FNDA:8,(anonymous_10)
FNDA:0,(anonymous_11)
FNDA:0,(anonymous_12)
FNDA:28,(anonymous_13)
FNDA:20,(anonymous_14)
FNDA:8,(anonymous_15)
FNDA:21,(anonymous_16)
DA:6,2
DA:10,3
DA:12,28
DA:13,3
DA:15,3
DA:19,58
DA:23,20
DA:24,20
DA:25,20
DA:30,0
DA:34,8
DA:38,8
DA:39,8
DA:41,3
DA:43,8
DA:44,8
DA:45,8
DA:49,0
DA:50,0
DA:51,0
DA:52,0
DA:56,0
DA:60,28
DA:64,20
DA:66,15
DA:67,15
DA:68,15
DA:73,8
DA:78,3
DA:79,3
DA:80,3
DA:85,21
DA:88,35
DA:89,19
DA:90,18
LF:35
LH:29
BRDA:12,0,0,3
BRDA:65,1,0,35
BRDA:65,1,1,20
BRDA:75,2,0,11
BRDA:75,2,1,4
BRDA:75,2,2,9
BRDA:75,2,3,1
BRDA:78,3,0,2
BRDA:78,3,1,1
BRDA:78,4,0,3
BRDA:78,4,1,3
BRF:11
BRH:11
end_of_record
TN:
SF:/Users/belen/Desktop/PSU/CS 554/Battlecode/battlecode-group1/src/battlecode.d.ts
FNF:0
FNH:0
LF:0
LH:0
BRF:0
BRH:0
end_of_record
TN:
SF:/Users/belen/Desktop/PSU/CS 554/Battlecode/battlecode-group1/src/utils.ts
FN:20,simpleValidLoc
FN:40,randomValidLoc
FN:75,availableLoc
FN:99,closestMiningLocation
FN:116,sortByClosest
FN:117,(anonymous_5)
FN:123,findResources
FN:150,manhatDist
FN:160,closestCoords
FN:182,calcDegDirection
FN:187,fillArray
FN:207,checkBounds
FN:224,simplePathFinder
FN:249,(anonymous_13)
FN:292,findClosestFriendlyCastles
FN:294,(anonymous_15)
FN:308,visiblePilgrims
FN:311,isPilgrim
FN:322,visibleCrusaders
FN:325,isCrusader
FN:333,enemyCastle
FN:348,horizontalFlip
FN:365,visibleEnemy
FNF:23
FNH:16
FNDA:1,simpleValidLoc
FNDA:1,randomValidLoc
FNDA:7,availableLoc
FNDA:2,closestMiningLocation
FNDA:2,sortByClosest
FNDA:4,(anonymous_5)
FNDA:1,findResources
FNDA:38,manhatDist
FNDA:2,closestCoords
FNDA:7,calcDegDirection
FNDA:8,fillArray
FNDA:48,checkBounds
FNDA:2,simplePathFinder
FNDA:40,(anonymous_13)
FNDA:0,findClosestFriendlyCastles
FNDA:0,(anonymous_15)
FNDA:0,visiblePilgrims
FNDA:0,isPilgrim
FNDA:0,visibleCrusaders
FNDA:0,isCrusader
FNDA:1,enemyCastle
FNDA:2,horizontalFlip
FNDA:0,visibleEnemy
DA:1,2
DA:2,2
DA:20,2
DA:21,1
DA:22,1
DA:25,0
DA:26,0
DA:29,0
DA:32,1
DA:40,2
DA:43,1
DA:44,1
DA:45,1
DA:46,1
DA:48,1
DA:50,1
DA:53,0
DA:56,0
DA:59,0
DA:61,8
DA:62,8
DA:65,1
DA:67,1
DA:75,2
DA:79,46
DA:80,46
DA:81,46
DA:84,2
DA:87,2
DA:91,5
DA:99,2
DA:100,2
DA:102,2
DA:103,54
DA:106,3
DA:107,3
DA:112,2
DA:116,2
DA:117,2
DA:118,4
DA:123,2
DA:124,1
DA:125,1
DA:126,1
DA:127,3
DA:129,3
DA:134,1
DA:135,3
DA:137,3
DA:142,1
DA:150,2
DA:152,38
DA:160,2
DA:161,2
DA:163,6
DA:168,2
DA:171,2
DA:174,2
DA:182,2
DA:183,7
DA:184,7
DA:187,2
DA:188,8
DA:189,8
DA:191,8
DA:192,306
DA:195,8
DA:196,306
DA:199,8
DA:207,2
DA:208,48
DA:209,48
DA:213,32
DA:218,12
DA:221,4
DA:224,2
DA:226,2
DA:227,2
DA:228,2
DA:229,2
DA:230,2
DA:233,2
DA:237,2
DA:240,7
DA:241,7
DA:242,7
DA:245,2
DA:246,2
DA:249,5
DA:250,40
DA:260,11
DA:263,11
DA:274,5
DA:275,5
DA:278,2
DA:279,2
DA:283,2
DA:284,2
DA:292,2
DA:293,0
DA:294,0
DA:296,0
DA:300,0
DA:308,2
DA:309,0
DA:312,0
DA:314,0
DA:322,2
DA:323,0
DA:326,0
DA:328,0
DA:333,2
DA:336,1
DA:337,1
DA:338,1
DA:340,1
DA:341,1
DA:343,1
DA:344,0
DA:348,2
DA:349,2
DA:350,2
DA:351,4
DA:353,1
DA:357,1
DA:365,2
DA:368,0
DA:371,0
LF:128
LH:109
BRDA:23,0,0,1
BRDA:23,0,1,0
BRDA:63,1,0,8
BRDA:63,1,1,8
BRDA:86,2,0,46
BRDA:86,2,1,7
BRDA:86,2,2,2
BRDA:104,3,0,2516
BRDA:104,3,1,11
BRDA:212,4,0,48
BRDA:212,4,1,31
BRDA:217,5,0,16
BRDA:217,5,1,11
BRDA:244,6,0,7
BRDA:244,6,1,2
BRDA:254,7,0,40
BRDA:254,7,1,33
BRDA:254,7,2,33
BRDA:254,7,3,27
BRDA:256,8,0,27
BRDA:256,8,1,23
BRDA:256,8,2,16
BRDA:277,9,0,5
BRDA:277,9,1,3
BRDA:295,10,0,0
BRDA:295,10,1,0
BRDA:312,11,0,0
BRDA:312,11,1,0
BRDA:326,12,0,0
BRDA:326,12,1,0
BRF:30
BRH:23
end_of_record
