TN:
SF:C:\Users\nakuo\Documents\GIT\battlecode-group1\src\PriorityQueue.ts
FN:12,(anonymous_0)
FN:12,(anonymous_1)
FN:88,(anonymous_2)
FN:89,(anonymous_3)
FN:90,(anonymous_4)
FN:18,(anonymous_5)
FN:22,(anonymous_6)
FN:23,(anonymous_7)
FN:29,(anonymous_8)
FN:33,(anonymous_9)
FN:37,(anonymous_10)
FN:48,(anonymous_11)
FN:55,(anonymous_12)
FN:59,(anonymous_13)
FN:63,(anonymous_14)
FN:72,(anonymous_15)
FN:84,(anonymous_16)
FNF:17
FNH:14
FNDA:2,(anonymous_0)
FNDA:35,(anonymous_1)
FNDA:47,(anonymous_2)
FNDA:20,(anonymous_3)
FNDA:16,(anonymous_4)
FNDA:43,(anonymous_5)
FNDA:18,(anonymous_6)
FNDA:18,(anonymous_7)
FNDA:0,(anonymous_8)
FNDA:4,(anonymous_9)
FNDA:4,(anonymous_10)
FNDA:0,(anonymous_11)
FNDA:0,(anonymous_12)
FNDA:35,(anonymous_13)
FNDA:18,(anonymous_14)
FNDA:4,(anonymous_15)
FNDA:29,(anonymous_16)
DA:6,2
DA:10,2
DA:12,35
DA:13,2
DA:15,2
DA:19,43
DA:23,18
DA:24,18
DA:25,18
DA:30,0
DA:34,4
DA:38,4
DA:39,4
DA:41,3
DA:43,4
DA:44,4
DA:45,4
DA:49,0
DA:50,0
DA:51,0
DA:52,0
DA:56,0
DA:60,35
DA:64,18
DA:66,21
DA:67,21
DA:68,21
DA:73,4
DA:78,5
DA:79,5
DA:80,5
DA:85,29
DA:88,47
DA:89,20
DA:90,16
LF:35
LH:29
BRDA:12,0,0,2
BRDA:65,1,0,39
BRDA:65,1,1,26
BRDA:75,2,0,9
BRDA:75,2,1,5
BRDA:75,2,2,4
BRDA:75,2,3,0
BRDA:78,3,0,3
BRDA:78,3,1,2
BRDA:78,4,0,5
BRDA:78,4,1,4
BRF:11
BRH:10
end_of_record
TN:
SF:C:\Users\nakuo\Documents\GIT\battlecode-group1\src\battlecode.d.ts
FNF:0
FNH:0
LF:0
LH:0
BRF:0
BRH:0
end_of_record
TN:
SF:C:\Users\nakuo\Documents\GIT\battlecode-group1\src\utils.ts
FN:20,simpleValidLoc
FN:40,randomValidLoc
FN:76,availableLoc
FN:101,closestMiningLocation
FN:118,findResources
FN:144,manhatDist
FN:154,closestCoords
FN:176,calcDegDirection
FN:181,fillArray
FN:201,checkBounds
FN:218,simplePathFinder
FN:249,(anonymous_11)
FN:291,findClosestFriendlyCastles
FN:294,(anonymous_13)
FN:311,visiblePilgrims
FN:314,isPilgrim
FN:322,enemyCastle
FN:343,horizontalFlip
FN:360,visibleEnemy
FNF:19
FNH:10
FNDA:0,simpleValidLoc
FNDA:0,randomValidLoc
FNDA:6,availableLoc
FNDA:1,closestMiningLocation
FNDA:0,findResources
FNDA:17,manhatDist
FNDA:1,closestCoords
FNDA:7,calcDegDirection
FNDA:7,fillArray
FNDA:37,checkBounds
FNDA:1,simplePathFinder
FNDA:16,(anonymous_11)
FNDA:0,findClosestFriendlyCastles
FNDA:0,(anonymous_13)
FNDA:0,visiblePilgrims
FNDA:0,isPilgrim
FNDA:1,enemyCastle
FNDA:0,horizontalFlip
FNDA:0,visibleEnemy
DA:1,2
DA:2,2
DA:20,2
DA:21,0
DA:22,0
DA:25,0
DA:26,0
DA:29,0
DA:32,0
DA:40,2
DA:43,0
DA:44,0
DA:45,0
DA:46,0
DA:49,0
DA:51,0
DA:54,0
DA:57,0
DA:60,0
DA:62,0
DA:63,0
DA:66,0
DA:68,0
DA:76,2
DA:80,37
DA:81,37
DA:82,37
DA:85,37
DA:88,4
DA:93,2
DA:101,2
DA:102,1
DA:104,1
DA:105,50
DA:108,1
DA:109,1
DA:114,1
DA:118,2
DA:119,0
DA:120,0
DA:121,0
DA:123,0
DA:128,0
DA:129,0
DA:131,0
DA:136,0
DA:144,2
DA:146,17
DA:154,2
DA:155,1
DA:157,3
DA:162,1
DA:165,2
DA:168,1
DA:176,2
DA:177,7
DA:178,7
DA:181,2
DA:182,7
DA:183,7
DA:185,7
DA:186,304
DA:189,7
DA:190,304
DA:193,7
DA:201,2
DA:202,37
DA:203,37
DA:207,0
DA:212,0
DA:215,37
DA:218,2
DA:221,1
DA:225,1
DA:226,1
DA:227,1
DA:228,1
DA:231,1
DA:237,1
DA:240,3
DA:241,3
DA:242,3
DA:245,1
DA:246,1
DA:249,2
DA:250,16
DA:260,10
DA:263,10
DA:274,2
DA:275,2
DA:278,1
DA:279,1
DA:283,1
DA:291,2
DA:292,0
DA:293,0
DA:294,0
DA:296,0
DA:301,0
DA:303,0
DA:311,2
DA:312,0
DA:315,0
DA:317,0
DA:322,2
DA:325,1
DA:326,1
DA:327,1
DA:335,1
DA:336,1
DA:338,0
DA:339,1
DA:343,2
DA:344,0
DA:345,0
DA:346,0
DA:348,0
DA:352,0
DA:360,2
DA:363,0
DA:366,0
LF:121
LH:75
BRDA:23,0,0,0
BRDA:23,0,1,0
BRDA:64,1,0,0
BRDA:64,1,1,0
BRDA:87,2,0,37
BRDA:87,2,1,6
BRDA:87,2,2,6
BRDA:106,3,0,2500
BRDA:106,3,1,3
BRDA:206,4,0,37
BRDA:206,4,1,37
BRDA:211,5,0,37
BRDA:211,5,1,37
BRDA:244,6,0,3
BRDA:244,6,1,1
BRDA:254,7,0,16
BRDA:254,7,1,13
BRDA:254,7,2,13
BRDA:254,7,3,11
BRDA:256,8,0,11
BRDA:256,8,1,10
BRDA:256,8,2,10
BRDA:277,9,0,2
BRDA:277,9,1,1
BRDA:295,10,0,0
BRDA:295,10,1,0
BRDA:315,11,0,0
BRDA:315,11,1,0
BRF:28
BRH:20
end_of_record
